{"/Users/jake/Desktop/FEC/Project-Catwalk/config.js": {"path":"/Users/jake/Desktop/FEC/Project-Catwalk/config.js","statementMap":{"0":{"start":{"line":1,"column":0},"end":{"line":1,"column":59}}},"fnMap":{},"branchMap":{},"s":{"0":1},"f":{},"b":{},"_coverageSchema":"1a1c01bbd47fc00a2c39e90264f33305004495a9","hash":"20008272e2452abd8921b1543ed1720f783fa056"}
,"/Users/jake/Desktop/FEC/Project-Catwalk/firebase.js": {"path":"/Users/jake/Desktop/FEC/Project-Catwalk/firebase.js","statementMap":{"0":{"start":{"line":4,"column":23},"end":{"line":11,"column":1}},"1":{"start":{"line":13,"column":0},"end":{"line":13,"column":39}}},"fnMap":{},"branchMap":{},"s":{"0":1,"1":1},"f":{},"b":{},"_coverageSchema":"1a1c01bbd47fc00a2c39e90264f33305004495a9","hash":"7477f66c128b6b227e0b478e290ff166b3fdfd9c"}
,"/Users/jake/Desktop/FEC/Project-Catwalk/react-client/src/components/App.jsx": {"path":"/Users/jake/Desktop/FEC/Project-Catwalk/react-client/src/components/App.jsx","statementMap":{"0":{"start":{"line":15,"column":51},"end":{"line":15,"column":63}},"1":{"start":{"line":16,"column":37},"end":{"line":16,"column":49}},"2":{"start":{"line":17,"column":41},"end":{"line":17,"column":52}},"3":{"start":{"line":18,"column":34},"end":{"line":18,"column":49}},"4":{"start":{"line":20,"column":2},"end":{"line":22,"column":9}},"5":{"start":{"line":21,"column":4},"end":{"line":21,"column":18}},"6":{"start":{"line":24,"column":2},"end":{"line":28,"column":17}},"7":{"start":{"line":25,"column":4},"end":{"line":27,"column":5}},"8":{"start":{"line":26,"column":6},"end":{"line":26,"column":22}},"9":{"start":{"line":30,"column":24},"end":{"line":46,"column":3}},"10":{"start":{"line":31,"column":24},"end":{"line":31,"column":40}},"11":{"start":{"line":32,"column":4},"end":{"line":34,"column":5}},"12":{"start":{"line":33,"column":6},"end":{"line":33,"column":16}},"13":{"start":{"line":35,"column":21},"end":{"line":35,"column":22}},"14":{"start":{"line":36,"column":26},"end":{"line":36,"column":27}},"15":{"start":{"line":37,"column":4},"end":{"line":42,"column":5}},"16":{"start":{"line":38,"column":20},"end":{"line":38,"column":44}},"17":{"start":{"line":39,"column":26},"end":{"line":39,"column":37}},"18":{"start":{"line":40,"column":6},"end":{"line":40,"column":32}},"19":{"start":{"line":41,"column":6},"end":{"line":41,"column":31}},"20":{"start":{"line":43,"column":25},"end":{"line":43,"column":53}},"21":{"start":{"line":44,"column":20},"end":{"line":44,"column":52}},"22":{"start":{"line":45,"column":4},"end":{"line":45,"column":30}},"23":{"start":{"line":48,"column":24},"end":{"line":54,"column":3}},"24":{"start":{"line":49,"column":4},"end":{"line":53,"column":42}},"25":{"start":{"line":51,"column":8},"end":{"line":51,"column":44}},"26":{"start":{"line":53,"column":23},"end":{"line":53,"column":39}},"27":{"start":{"line":56,"column":22},"end":{"line":66,"column":3}},"28":{"start":{"line":57,"column":15},"end":{"line":57,"column":20}},"29":{"start":{"line":58,"column":4},"end":{"line":65,"column":9}},"30":{"start":{"line":60,"column":8},"end":{"line":60,"column":41}},"31":{"start":{"line":62,"column":19},"end":{"line":62,"column":31}},"32":{"start":{"line":64,"column":8},"end":{"line":64,"column":25}},"33":{"start":{"line":68,"column":21},"end":{"line":77,"column":3}},"34":{"start":{"line":69,"column":19},"end":{"line":69,"column":34}},"35":{"start":{"line":70,"column":4},"end":{"line":76,"column":9}},"36":{"start":{"line":72,"column":8},"end":{"line":72,"column":36}},"37":{"start":{"line":75,"column":8},"end":{"line":75,"column":25}},"38":{"start":{"line":79,"column":16},"end":{"line":83,"column":4}},"39":{"start":{"line":86,"column":2},"end":{"line":132,"column":4}},"40":{"start":{"line":93,"column":30},"end":{"line":93,"column":52}},"41":{"start":{"line":97,"column":12},"end":{"line":126,"column":15}}},"fnMap":{"0":{"name":"App","decl":{"start":{"line":14,"column":9},"end":{"line":14,"column":12}},"loc":{"start":{"line":14,"column":15},"end":{"line":133,"column":1}},"line":14},"1":{"name":"(anonymous_1)","decl":{"start":{"line":20,"column":12},"end":{"line":20,"column":13}},"loc":{"start":{"line":20,"column":18},"end":{"line":22,"column":3}},"line":20},"2":{"name":"(anonymous_2)","decl":{"start":{"line":24,"column":12},"end":{"line":24,"column":13}},"loc":{"start":{"line":24,"column":18},"end":{"line":28,"column":3}},"line":24},"3":{"name":"(anonymous_3)","decl":{"start":{"line":30,"column":24},"end":{"line":30,"column":25}},"loc":{"start":{"line":30,"column":30},"end":{"line":46,"column":3}},"line":30},"4":{"name":"(anonymous_4)","decl":{"start":{"line":48,"column":24},"end":{"line":48,"column":25}},"loc":{"start":{"line":48,"column":32},"end":{"line":54,"column":3}},"line":48},"5":{"name":"(anonymous_5)","decl":{"start":{"line":50,"column":12},"end":{"line":50,"column":13}},"loc":{"start":{"line":50,"column":25},"end":{"line":52,"column":7}},"line":50},"6":{"name":"(anonymous_6)","decl":{"start":{"line":53,"column":13},"end":{"line":53,"column":14}},"loc":{"start":{"line":53,"column":23},"end":{"line":53,"column":39}},"line":53},"7":{"name":"(anonymous_7)","decl":{"start":{"line":56,"column":22},"end":{"line":56,"column":23}},"loc":{"start":{"line":56,"column":28},"end":{"line":66,"column":3}},"line":56},"8":{"name":"(anonymous_8)","decl":{"start":{"line":59,"column":12},"end":{"line":59,"column":13}},"loc":{"start":{"line":59,"column":22},"end":{"line":61,"column":7}},"line":59},"9":{"name":"(anonymous_9)","decl":{"start":{"line":62,"column":12},"end":{"line":62,"column":13}},"loc":{"start":{"line":62,"column":19},"end":{"line":62,"column":31}},"line":62},"10":{"name":"(anonymous_10)","decl":{"start":{"line":63,"column":13},"end":{"line":63,"column":14}},"loc":{"start":{"line":63,"column":22},"end":{"line":65,"column":7}},"line":63},"11":{"name":"(anonymous_11)","decl":{"start":{"line":68,"column":21},"end":{"line":68,"column":22}},"loc":{"start":{"line":68,"column":27},"end":{"line":77,"column":3}},"line":68},"12":{"name":"(anonymous_12)","decl":{"start":{"line":71,"column":12},"end":{"line":71,"column":13}},"loc":{"start":{"line":71,"column":24},"end":{"line":73,"column":7}},"line":71},"13":{"name":"(anonymous_13)","decl":{"start":{"line":74,"column":13},"end":{"line":74,"column":14}},"loc":{"start":{"line":74,"column":22},"end":{"line":76,"column":7}},"line":74},"14":{"name":"(anonymous_14)","decl":{"start":{"line":93,"column":24},"end":{"line":93,"column":25}},"loc":{"start":{"line":93,"column":30},"end":{"line":93,"column":52}},"line":93},"15":{"name":"(anonymous_15)","decl":{"start":{"line":96,"column":32},"end":{"line":96,"column":33}},"loc":{"start":{"line":97,"column":12},"end":{"line":126,"column":15}},"line":97}},"branchMap":{"0":{"loc":{"start":{"line":25,"column":4},"end":{"line":27,"column":5}},"type":"if","locations":[{"start":{"line":25,"column":4},"end":{"line":27,"column":5}},{"start":{"line":25,"column":4},"end":{"line":27,"column":5}}],"line":25},"1":{"loc":{"start":{"line":32,"column":4},"end":{"line":34,"column":5}},"type":"if","locations":[{"start":{"line":32,"column":4},"end":{"line":34,"column":5}},{"start":{"line":32,"column":4},"end":{"line":34,"column":5}}],"line":32},"2":{"loc":{"start":{"line":81,"column":12},"end":{"line":81,"column":39}},"type":"cond-expr","locations":[{"start":{"line":81,"column":23},"end":{"line":81,"column":29}},{"start":{"line":81,"column":32},"end":{"line":81,"column":39}}],"line":81}},"s":{"0":2,"1":1,"2":1,"3":1,"4":1,"5":1,"6":1,"7":1,"8":0,"9":1,"10":0,"11":0,"12":0,"13":0,"14":0,"15":0,"16":0,"17":0,"18":0,"19":0,"20":0,"21":0,"22":0,"23":1,"24":0,"25":0,"26":0,"27":1,"28":1,"29":1,"30":0,"31":0,"32":0,"33":1,"34":0,"35":0,"36":0,"37":0,"38":1,"39":1,"40":0,"41":1},"f":{"0":2,"1":1,"2":1,"3":0,"4":0,"5":0,"6":0,"7":1,"8":0,"9":0,"10":0,"11":0,"12":0,"13":0,"14":0,"15":1},"b":{"0":[0,1],"1":[0,0],"2":[0,1]},"_coverageSchema":"1a1c01bbd47fc00a2c39e90264f33305004495a9","hash":"377423270ee9d0915be4e883e555a97571008e42"}
,"/Users/jake/Desktop/FEC/Project-Catwalk/react-client/src/components/ClickTracker.jsx": {"path":"/Users/jake/Desktop/FEC/Project-Catwalk/react-client/src/components/ClickTracker.jsx","statementMap":{"0":{"start":{"line":6,"column":4},"end":{"line":6,"column":17}},"1":{"start":{"line":7,"column":4},"end":{"line":7,"column":51}},"2":{"start":{"line":10,"column":24},"end":{"line":14,"column":5}},"3":{"start":{"line":15,"column":4},"end":{"line":16,"column":37}},"4":{"start":{"line":15,"column":64},"end":{"line":15,"column":81}},"5":{"start":{"line":16,"column":20},"end":{"line":16,"column":36}},"6":{"start":{"line":17,"column":4},"end":{"line":17,"column":29}},"7":{"start":{"line":21,"column":4},"end":{"line":25,"column":6}}},"fnMap":{"0":{"name":"(anonymous_0)","decl":{"start":{"line":5,"column":2},"end":{"line":5,"column":3}},"loc":{"start":{"line":5,"column":21},"end":{"line":8,"column":3}},"line":5},"1":{"name":"(anonymous_1)","decl":{"start":{"line":9,"column":2},"end":{"line":9,"column":3}},"loc":{"start":{"line":9,"column":21},"end":{"line":18,"column":3}},"line":9},"2":{"name":"(anonymous_2)","decl":{"start":{"line":15,"column":54},"end":{"line":15,"column":55}},"loc":{"start":{"line":15,"column":64},"end":{"line":15,"column":81}},"line":15},"3":{"name":"(anonymous_3)","decl":{"start":{"line":16,"column":11},"end":{"line":16,"column":12}},"loc":{"start":{"line":16,"column":20},"end":{"line":16,"column":36}},"line":16},"4":{"name":"(anonymous_4)","decl":{"start":{"line":20,"column":2},"end":{"line":20,"column":3}},"loc":{"start":{"line":20,"column":11},"end":{"line":26,"column":3}},"line":20}},"branchMap":{},"s":{"0":2,"1":1,"2":0,"3":0,"4":0,"5":0,"6":0,"7":1},"f":{"0":2,"1":0,"2":0,"3":0,"4":1},"b":{},"_coverageSchema":"1a1c01bbd47fc00a2c39e90264f33305004495a9","hash":"2fa3eadaca3119feb4bb7e1533ebdfe7b65ae14c"}
,"/Users/jake/Desktop/FEC/Project-Catwalk/react-client/src/components/Questions-Answers/AnswerModals.jsx": {"path":"/Users/jake/Desktop/FEC/Project-Catwalk/react-client/src/components/Questions-Answers/AnswerModals.jsx","statementMap":{"0":{"start":{"line":6,"column":21},"end":{"line":191,"column":1}},"1":{"start":{"line":7,"column":30},"end":{"line":7,"column":42}},"2":{"start":{"line":8,"column":34},"end":{"line":8,"column":46}},"3":{"start":{"line":9,"column":28},"end":{"line":9,"column":40}},"4":{"start":{"line":10,"column":30},"end":{"line":10,"column":42}},"5":{"start":{"line":11,"column":37},"end":{"line":11,"column":52}},"6":{"start":{"line":12,"column":38},"end":{"line":12,"column":50}},"7":{"start":{"line":13,"column":36},"end":{"line":13,"column":48}},"8":{"start":{"line":15,"column":2},"end":{"line":17,"column":27}},"9":{"start":{"line":16,"column":4},"end":{"line":16,"column":19}},"10":{"start":{"line":19,"column":17},"end":{"line":88,"column":3}},"11":{"start":{"line":20,"column":18},"end":{"line":20,"column":20}},"12":{"start":{"line":21,"column":15},"end":{"line":21,"column":41}},"13":{"start":{"line":22,"column":4},"end":{"line":37,"column":5}},"14":{"start":{"line":23,"column":6},"end":{"line":26,"column":7}},"15":{"start":{"line":23,"column":19},"end":{"line":23,"column":20}},"16":{"start":{"line":24,"column":26},"end":{"line":24,"column":35}},"17":{"start":{"line":25,"column":8},"end":{"line":25,"column":40}},"18":{"start":{"line":28,"column":6},"end":{"line":36,"column":45}},"19":{"start":{"line":34,"column":21},"end":{"line":34,"column":44}},"20":{"start":{"line":35,"column":20},"end":{"line":35,"column":41}},"21":{"start":{"line":36,"column":24},"end":{"line":36,"column":41}},"22":{"start":{"line":40,"column":6},"end":{"line":86,"column":9}},"23":{"start":{"line":41,"column":25},"end":{"line":41,"column":67}},"24":{"start":{"line":42,"column":19},"end":{"line":42,"column":44}},"25":{"start":{"line":44,"column":8},"end":{"line":85,"column":10}},"26":{"start":{"line":46,"column":27},"end":{"line":46,"column":82}},"27":{"start":{"line":47,"column":12},"end":{"line":47,"column":60}},"28":{"start":{"line":48,"column":12},"end":{"line":55,"column":13}},"29":{"start":{"line":50,"column":16},"end":{"line":50,"column":48}},"30":{"start":{"line":51,"column":16},"end":{"line":51,"column":22}},"31":{"start":{"line":53,"column":16},"end":{"line":53,"column":49}},"32":{"start":{"line":54,"column":16},"end":{"line":54,"column":22}},"33":{"start":{"line":58,"column":12},"end":{"line":65,"column":13}},"34":{"start":{"line":60,"column":16},"end":{"line":60,"column":22}},"35":{"start":{"line":62,"column":16},"end":{"line":62,"column":22}},"36":{"start":{"line":64,"column":16},"end":{"line":64,"column":22}},"37":{"start":{"line":69,"column":12},"end":{"line":83,"column":15}},"38":{"start":{"line":70,"column":14},"end":{"line":70,"column":37}},"39":{"start":{"line":71,"column":14},"end":{"line":71,"column":60}},"40":{"start":{"line":72,"column":16},"end":{"line":82,"column":15}},"41":{"start":{"line":73,"column":16},"end":{"line":81,"column":55}},"42":{"start":{"line":79,"column":29},"end":{"line":79,"column":51}},"43":{"start":{"line":80,"column":29},"end":{"line":80,"column":49}},"44":{"start":{"line":81,"column":33},"end":{"line":81,"column":53}},"45":{"start":{"line":89,"column":19},"end":{"line":92,"column":3}},"46":{"start":{"line":90,"column":15},"end":{"line":90,"column":166}},"47":{"start":{"line":91,"column":4},"end":{"line":91,"column":48}},"48":{"start":{"line":93,"column":22},"end":{"line":105,"column":3}},"49":{"start":{"line":94,"column":4},"end":{"line":94,"column":23}},"50":{"start":{"line":95,"column":18},"end":{"line":95,"column":20}},"51":{"start":{"line":96,"column":4},"end":{"line":96,"column":86}},"52":{"start":{"line":96,"column":31},"end":{"line":96,"column":84}},"53":{"start":{"line":97,"column":4},"end":{"line":97,"column":143}},"54":{"start":{"line":97,"column":33},"end":{"line":97,"column":141}},"55":{"start":{"line":97,"column":59},"end":{"line":97,"column":108}},"56":{"start":{"line":97,"column":118},"end":{"line":97,"column":139}},"57":{"start":{"line":98,"column":4},"end":{"line":99,"column":224}},"58":{"start":{"line":98,"column":30},"end":{"line":98,"column":140}},"59":{"start":{"line":98,"column":56},"end":{"line":98,"column":106}},"60":{"start":{"line":98,"column":116},"end":{"line":98,"column":138}},"61":{"start":{"line":99,"column":9},"end":{"line":99,"column":224}},"62":{"start":{"line":99,"column":35},"end":{"line":99,"column":222}},"63":{"start":{"line":99,"column":61},"end":{"line":99,"column":133}},"64":{"start":{"line":99,"column":142},"end":{"line":99,"column":220}},"65":{"start":{"line":101,"column":4},"end":{"line":104,"column":37}},"66":{"start":{"line":102,"column":6},"end":{"line":102,"column":15}},"67":{"start":{"line":103,"column":6},"end":{"line":103,"column":32}},"68":{"start":{"line":104,"column":13},"end":{"line":104,"column":35}},"69":{"start":{"line":107,"column":21},"end":{"line":123,"column":3}},"70":{"start":{"line":108,"column":4},"end":{"line":114,"column":5}},"71":{"start":{"line":109,"column":6},"end":{"line":113,"column":8}},"72":{"start":{"line":111,"column":38},"end":{"line":111,"column":92}},"73":{"start":{"line":115,"column":4},"end":{"line":122,"column":6}},"74":{"start":{"line":119,"column":38},"end":{"line":119,"column":92}},"75":{"start":{"line":125,"column":17},"end":{"line":134,"column":3}},"76":{"start":{"line":126,"column":4},"end":{"line":126,"column":23}},"77":{"start":{"line":127,"column":17},"end":{"line":127,"column":33}},"78":{"start":{"line":128,"column":14},"end":{"line":128,"column":31}},"79":{"start":{"line":129,"column":4},"end":{"line":132,"column":6}},"80":{"start":{"line":130,"column":6},"end":{"line":130,"column":33}},"81":{"start":{"line":131,"column":6},"end":{"line":131,"column":52}},"82":{"start":{"line":133,"column":4},"end":{"line":133,"column":43}},"83":{"start":{"line":133,"column":15},"end":{"line":133,"column":41}},"84":{"start":{"line":136,"column":2},"end":{"line":190,"column":4}},"85":{"start":{"line":143,"column":30},"end":{"line":143,"column":55}},"86":{"start":{"line":162,"column":43},"end":{"line":162,"column":68}},"87":{"start":{"line":169,"column":108},"end":{"line":169,"column":135}},"88":{"start":{"line":179,"column":114},"end":{"line":179,"column":138}},"89":{"start":{"line":188,"column":23},"end":{"line":188,"column":48}}},"fnMap":{"0":{"name":"(anonymous_0)","decl":{"start":{"line":6,"column":21},"end":{"line":6,"column":22}},"loc":{"start":{"line":6,"column":32},"end":{"line":191,"column":1}},"line":6},"1":{"name":"(anonymous_1)","decl":{"start":{"line":15,"column":12},"end":{"line":15,"column":13}},"loc":{"start":{"line":15,"column":18},"end":{"line":17,"column":3}},"line":15},"2":{"name":"(anonymous_2)","decl":{"start":{"line":19,"column":17},"end":{"line":19,"column":18}},"loc":{"start":{"line":19,"column":23},"end":{"line":88,"column":3}},"line":19},"3":{"name":"(anonymous_3)","decl":{"start":{"line":34,"column":14},"end":{"line":34,"column":15}},"loc":{"start":{"line":34,"column":20},"end":{"line":34,"column":46}},"line":34},"4":{"name":"(anonymous_4)","decl":{"start":{"line":35,"column":14},"end":{"line":35,"column":15}},"loc":{"start":{"line":35,"column":19},"end":{"line":35,"column":43}},"line":35},"5":{"name":"(anonymous_5)","decl":{"start":{"line":36,"column":15},"end":{"line":36,"column":16}},"loc":{"start":{"line":36,"column":23},"end":{"line":36,"column":43}},"line":36},"6":{"name":"uploadImageAsPromise","decl":{"start":{"line":39,"column":13},"end":{"line":39,"column":33}},"loc":{"start":{"line":39,"column":45},"end":{"line":87,"column":5}},"line":39},"7":{"name":"(anonymous_7)","decl":{"start":{"line":40,"column":25},"end":{"line":40,"column":26}},"loc":{"start":{"line":40,"column":52},"end":{"line":86,"column":7}},"line":40},"8":{"name":"(anonymous_8)","decl":{"start":{"line":45,"column":10},"end":{"line":45,"column":11}},"loc":{"start":{"line":45,"column":24},"end":{"line":56,"column":11}},"line":45},"9":{"name":"(anonymous_9)","decl":{"start":{"line":57,"column":10},"end":{"line":57,"column":11}},"loc":{"start":{"line":57,"column":21},"end":{"line":66,"column":11}},"line":57},"10":{"name":"(anonymous_10)","decl":{"start":{"line":67,"column":10},"end":{"line":67,"column":11}},"loc":{"start":{"line":67,"column":16},"end":{"line":84,"column":11}},"line":67},"11":{"name":"(anonymous_11)","decl":{"start":{"line":69,"column":52},"end":{"line":69,"column":53}},"loc":{"start":{"line":69,"column":69},"end":{"line":83,"column":13}},"line":69},"12":{"name":"(anonymous_12)","decl":{"start":{"line":79,"column":22},"end":{"line":79,"column":23}},"loc":{"start":{"line":79,"column":28},"end":{"line":79,"column":52}},"line":79},"13":{"name":"(anonymous_13)","decl":{"start":{"line":80,"column":23},"end":{"line":80,"column":24}},"loc":{"start":{"line":80,"column":28},"end":{"line":80,"column":50}},"line":80},"14":{"name":"(anonymous_14)","decl":{"start":{"line":81,"column":24},"end":{"line":81,"column":25}},"loc":{"start":{"line":81,"column":32},"end":{"line":81,"column":54}},"line":81},"15":{"name":"(anonymous_15)","decl":{"start":{"line":89,"column":19},"end":{"line":89,"column":20}},"loc":{"start":{"line":89,"column":30},"end":{"line":92,"column":3}},"line":89},"16":{"name":"(anonymous_16)","decl":{"start":{"line":93,"column":22},"end":{"line":93,"column":23}},"loc":{"start":{"line":93,"column":29},"end":{"line":105,"column":3}},"line":93},"17":{"name":"(anonymous_17)","decl":{"start":{"line":107,"column":21},"end":{"line":107,"column":22}},"loc":{"start":{"line":107,"column":27},"end":{"line":123,"column":3}},"line":107},"18":{"name":"(anonymous_18)","decl":{"start":{"line":111,"column":26},"end":{"line":111,"column":27}},"loc":{"start":{"line":111,"column":38},"end":{"line":111,"column":92}},"line":111},"19":{"name":"(anonymous_19)","decl":{"start":{"line":119,"column":26},"end":{"line":119,"column":27}},"loc":{"start":{"line":119,"column":38},"end":{"line":119,"column":92}},"line":119},"20":{"name":"(anonymous_20)","decl":{"start":{"line":125,"column":17},"end":{"line":125,"column":18}},"loc":{"start":{"line":125,"column":24},"end":{"line":134,"column":3}},"line":125},"21":{"name":"(anonymous_21)","decl":{"start":{"line":129,"column":23},"end":{"line":129,"column":24}},"loc":{"start":{"line":129,"column":29},"end":{"line":132,"column":5}},"line":129},"22":{"name":"(anonymous_22)","decl":{"start":{"line":143,"column":24},"end":{"line":143,"column":25}},"loc":{"start":{"line":143,"column":30},"end":{"line":143,"column":55}},"line":143},"23":{"name":"(anonymous_23)","decl":{"start":{"line":162,"column":36},"end":{"line":162,"column":37}},"loc":{"start":{"line":162,"column":43},"end":{"line":162,"column":68}},"line":162},"24":{"name":"(anonymous_24)","decl":{"start":{"line":169,"column":102},"end":{"line":169,"column":103}},"loc":{"start":{"line":169,"column":108},"end":{"line":169,"column":135}},"line":169},"25":{"name":"(anonymous_25)","decl":{"start":{"line":179,"column":108},"end":{"line":179,"column":109}},"loc":{"start":{"line":179,"column":114},"end":{"line":179,"column":138}},"line":179},"26":{"name":"(anonymous_26)","decl":{"start":{"line":188,"column":18},"end":{"line":188,"column":19}},"loc":{"start":{"line":188,"column":22},"end":{"line":188,"column":49}},"line":188}},"branchMap":{"0":{"loc":{"start":{"line":22,"column":4},"end":{"line":37,"column":5}},"type":"if","locations":[{"start":{"line":22,"column":4},"end":{"line":37,"column":5}},{"start":{"line":22,"column":4},"end":{"line":37,"column":5}}],"line":22},"1":{"loc":{"start":{"line":48,"column":12},"end":{"line":55,"column":13}},"type":"switch","locations":[{"start":{"line":49,"column":14},"end":{"line":51,"column":22}},{"start":{"line":52,"column":14},"end":{"line":54,"column":22}}],"line":48},"2":{"loc":{"start":{"line":58,"column":12},"end":{"line":65,"column":13}},"type":"switch","locations":[{"start":{"line":59,"column":14},"end":{"line":60,"column":22}},{"start":{"line":61,"column":14},"end":{"line":62,"column":22}},{"start":{"line":63,"column":14},"end":{"line":64,"column":22}}],"line":58},"3":{"loc":{"start":{"line":72,"column":16},"end":{"line":82,"column":15}},"type":"if","locations":[{"start":{"line":72,"column":16},"end":{"line":82,"column":15}},{"start":{"line":72,"column":16},"end":{"line":82,"column":15}}],"line":72},"4":{"loc":{"start":{"line":96,"column":4},"end":{"line":96,"column":86}},"type":"if","locations":[{"start":{"line":96,"column":4},"end":{"line":96,"column":86}},{"start":{"line":96,"column":4},"end":{"line":96,"column":86}}],"line":96},"5":{"loc":{"start":{"line":97,"column":4},"end":{"line":97,"column":143}},"type":"if","locations":[{"start":{"line":97,"column":4},"end":{"line":97,"column":143}},{"start":{"line":97,"column":4},"end":{"line":97,"column":143}}],"line":97},"6":{"loc":{"start":{"line":97,"column":33},"end":{"line":97,"column":141}},"type":"if","locations":[{"start":{"line":97,"column":33},"end":{"line":97,"column":141}},{"start":{"line":97,"column":33},"end":{"line":97,"column":141}}],"line":97},"7":{"loc":{"start":{"line":98,"column":4},"end":{"line":99,"column":224}},"type":"if","locations":[{"start":{"line":98,"column":4},"end":{"line":99,"column":224}},{"start":{"line":98,"column":4},"end":{"line":99,"column":224}}],"line":98},"8":{"loc":{"start":{"line":98,"column":30},"end":{"line":98,"column":140}},"type":"if","locations":[{"start":{"line":98,"column":30},"end":{"line":98,"column":140}},{"start":{"line":98,"column":30},"end":{"line":98,"column":140}}],"line":98},"9":{"loc":{"start":{"line":99,"column":9},"end":{"line":99,"column":224}},"type":"if","locations":[{"start":{"line":99,"column":9},"end":{"line":99,"column":224}},{"start":{"line":99,"column":9},"end":{"line":99,"column":224}}],"line":99},"10":{"loc":{"start":{"line":99,"column":35},"end":{"line":99,"column":222}},"type":"if","locations":[{"start":{"line":99,"column":35},"end":{"line":99,"column":222}},{"start":{"line":99,"column":35},"end":{"line":99,"column":222}}],"line":99},"11":{"loc":{"start":{"line":101,"column":4},"end":{"line":104,"column":37}},"type":"if","locations":[{"start":{"line":101,"column":4},"end":{"line":104,"column":37}},{"start":{"line":101,"column":4},"end":{"line":104,"column":37}}],"line":101},"12":{"loc":{"start":{"line":108,"column":4},"end":{"line":114,"column":5}},"type":"if","locations":[{"start":{"line":108,"column":4},"end":{"line":114,"column":5}},{"start":{"line":108,"column":4},"end":{"line":114,"column":5}}],"line":108},"13":{"loc":{"start":{"line":133,"column":4},"end":{"line":133,"column":43}},"type":"if","locations":[{"start":{"line":133,"column":4},"end":{"line":133,"column":43}},{"start":{"line":133,"column":4},"end":{"line":133,"column":43}}],"line":133}},"s":{"0":1,"1":0,"2":0,"3":0,"4":0,"5":0,"6":0,"7":0,"8":0,"9":0,"10":0,"11":0,"12":0,"13":0,"14":0,"15":0,"16":0,"17":0,"18":0,"19":0,"20":0,"21":0,"22":0,"23":0,"24":0,"25":0,"26":0,"27":0,"28":0,"29":0,"30":0,"31":0,"32":0,"33":0,"34":0,"35":0,"36":0,"37":0,"38":0,"39":0,"40":0,"41":0,"42":0,"43":0,"44":0,"45":0,"46":0,"47":0,"48":0,"49":0,"50":0,"51":0,"52":0,"53":0,"54":0,"55":0,"56":0,"57":0,"58":0,"59":0,"60":0,"61":0,"62":0,"63":0,"64":0,"65":0,"66":0,"67":0,"68":0,"69":0,"70":0,"71":0,"72":0,"73":0,"74":0,"75":0,"76":0,"77":0,"78":0,"79":0,"80":0,"81":0,"82":0,"83":0,"84":0,"85":0,"86":0,"87":0,"88":0,"89":0},"f":{"0":0,"1":0,"2":0,"3":0,"4":0,"5":0,"6":0,"7":0,"8":0,"9":0,"10":0,"11":0,"12":0,"13":0,"14":0,"15":0,"16":0,"17":0,"18":0,"19":0,"20":0,"21":0,"22":0,"23":0,"24":0,"25":0,"26":0},"b":{"0":[0,0],"1":[0,0],"2":[0,0,0],"3":[0,0],"4":[0,0],"5":[0,0],"6":[0,0],"7":[0,0],"8":[0,0],"9":[0,0],"10":[0,0],"11":[0,0],"12":[0,0],"13":[0,0]},"_coverageSchema":"1a1c01bbd47fc00a2c39e90264f33305004495a9","hash":"37f181da46547a768322b7fa140c542784ecfdda"}
,"/Users/jake/Desktop/FEC/Project-Catwalk/react-client/src/components/Questions-Answers/AnswerPicture.jsx": {"path":"/Users/jake/Desktop/FEC/Project-Catwalk/react-client/src/components/Questions-Answers/AnswerPicture.jsx","statementMap":{"0":{"start":{"line":4,"column":22},"end":{"line":43,"column":1}},"1":{"start":{"line":5,"column":38},"end":{"line":5,"column":50}},"2":{"start":{"line":6,"column":37},"end":{"line":6,"column":52}},"3":{"start":{"line":8,"column":24},"end":{"line":11,"column":3}},"4":{"start":{"line":9,"column":4},"end":{"line":9,"column":25}},"5":{"start":{"line":10,"column":4},"end":{"line":10,"column":30}},"6":{"start":{"line":13,"column":18},"end":{"line":13,"column":38}},"7":{"start":{"line":13,"column":24},"end":{"line":13,"column":38}},"8":{"start":{"line":15,"column":2},"end":{"line":42,"column":4}},"9":{"start":{"line":19,"column":6},"end":{"line":35,"column":7}},"10":{"start":{"line":26,"column":28},"end":{"line":26,"column":53}},"11":{"start":{"line":28,"column":54},"end":{"line":28,"column":79}},"12":{"start":{"line":33,"column":25},"end":{"line":33,"column":45}}},"fnMap":{"0":{"name":"(anonymous_0)","decl":{"start":{"line":4,"column":22},"end":{"line":4,"column":23}},"loc":{"start":{"line":4,"column":33},"end":{"line":43,"column":1}},"line":4},"1":{"name":"(anonymous_1)","decl":{"start":{"line":8,"column":24},"end":{"line":8,"column":25}},"loc":{"start":{"line":8,"column":35},"end":{"line":11,"column":3}},"line":8},"2":{"name":"(anonymous_2)","decl":{"start":{"line":13,"column":18},"end":{"line":13,"column":19}},"loc":{"start":{"line":13,"column":24},"end":{"line":13,"column":38}},"line":13},"3":{"name":"(anonymous_3)","decl":{"start":{"line":18,"column":30},"end":{"line":18,"column":31}},"loc":{"start":{"line":18,"column":47},"end":{"line":37,"column":5}},"line":18},"4":{"name":"(anonymous_4)","decl":{"start":{"line":26,"column":22},"end":{"line":26,"column":23}},"loc":{"start":{"line":26,"column":28},"end":{"line":26,"column":53}},"line":26},"5":{"name":"(anonymous_5)","decl":{"start":{"line":28,"column":49},"end":{"line":28,"column":50}},"loc":{"start":{"line":28,"column":53},"end":{"line":28,"column":80}},"line":28},"6":{"name":"(anonymous_6)","decl":{"start":{"line":33,"column":20},"end":{"line":33,"column":21}},"loc":{"start":{"line":33,"column":24},"end":{"line":33,"column":46}},"line":33}},"branchMap":{"0":{"loc":{"start":{"line":17,"column":7},"end":{"line":39,"column":9}},"type":"cond-expr","locations":[{"start":{"line":17,"column":40},"end":{"line":38,"column":8}},{"start":{"line":39,"column":5},"end":{"line":39,"column":9}}],"line":17}},"s":{"0":1,"1":0,"2":0,"3":0,"4":0,"5":0,"6":0,"7":0,"8":0,"9":0,"10":0,"11":0,"12":0},"f":{"0":0,"1":0,"2":0,"3":0,"4":0,"5":0,"6":0},"b":{"0":[0,0]},"_coverageSchema":"1a1c01bbd47fc00a2c39e90264f33305004495a9","hash":"799aab04feebdccff68896ee0b9e4d97e9c4a209"}
,"/Users/jake/Desktop/FEC/Project-Catwalk/react-client/src/components/Questions-Answers/Answers.jsx": {"path":"/Users/jake/Desktop/FEC/Project-Catwalk/react-client/src/components/Questions-Answers/Answers.jsx","statementMap":{"0":{"start":{"line":8,"column":16},"end":{"line":87,"column":1}},"1":{"start":{"line":9,"column":32},"end":{"line":9,"column":44}},"2":{"start":{"line":10,"column":46},"end":{"line":10,"column":58}},"3":{"start":{"line":11,"column":40},"end":{"line":11,"column":55}},"4":{"start":{"line":12,"column":34},"end":{"line":12,"column":49}},"5":{"start":{"line":14,"column":2},"end":{"line":17,"column":43}},"6":{"start":{"line":15,"column":4},"end":{"line":15,"column":17}},"7":{"start":{"line":18,"column":19},"end":{"line":25,"column":3}},"8":{"start":{"line":19,"column":13},"end":{"line":19,"column":21}},"9":{"start":{"line":20,"column":6},"end":{"line":24,"column":44}},"10":{"start":{"line":22,"column":8},"end":{"line":22,"column":45}},"11":{"start":{"line":24,"column":24},"end":{"line":24,"column":42}},"12":{"start":{"line":26,"column":28},"end":{"line":32,"column":3}},"13":{"start":{"line":27,"column":13},"end":{"line":27,"column":38}},"14":{"start":{"line":28,"column":4},"end":{"line":28,"column":53}},"15":{"start":{"line":28,"column":34},"end":{"line":28,"column":52}},"16":{"start":{"line":29,"column":4},"end":{"line":31,"column":39}},"17":{"start":{"line":30,"column":15},"end":{"line":30,"column":27}},"18":{"start":{"line":31,"column":21},"end":{"line":31,"column":37}},"19":{"start":{"line":34,"column":21},"end":{"line":39,"column":3}},"20":{"start":{"line":35,"column":13},"end":{"line":35,"column":29}},"21":{"start":{"line":36,"column":4},"end":{"line":38,"column":39}},"22":{"start":{"line":37,"column":17},"end":{"line":37,"column":29}},"23":{"start":{"line":38,"column":21},"end":{"line":38,"column":37}},"24":{"start":{"line":41,"column":22},"end":{"line":67,"column":3}},"25":{"start":{"line":42,"column":15},"end":{"line":42,"column":36}},"26":{"start":{"line":43,"column":8},"end":{"line":66,"column":11}},"27":{"start":{"line":53,"column":113},"end":{"line":53,"column":140}},"28":{"start":{"line":56,"column":57},"end":{"line":56,"column":77}},"29":{"start":{"line":60,"column":113},"end":{"line":60,"column":140}},"30":{"start":{"line":62,"column":57},"end":{"line":62,"column":77}},"31":{"start":{"line":69,"column":2},"end":{"line":86,"column":3}},"32":{"start":{"line":74,"column":8},"end":{"line":74,"column":43}},"33":{"start":{"line":76,"column":88},"end":{"line":76,"column":116}},"34":{"start":{"line":81,"column":10},"end":{"line":81,"column":45}},"35":{"start":{"line":83,"column":90},"end":{"line":83,"column":118}}},"fnMap":{"0":{"name":"(anonymous_0)","decl":{"start":{"line":8,"column":16},"end":{"line":8,"column":17}},"loc":{"start":{"line":8,"column":27},"end":{"line":87,"column":1}},"line":8},"1":{"name":"(anonymous_1)","decl":{"start":{"line":14,"column":12},"end":{"line":14,"column":13}},"loc":{"start":{"line":14,"column":18},"end":{"line":17,"column":3}},"line":14},"2":{"name":"(anonymous_2)","decl":{"start":{"line":18,"column":19},"end":{"line":18,"column":20}},"loc":{"start":{"line":18,"column":25},"end":{"line":25,"column":3}},"line":18},"3":{"name":"(anonymous_3)","decl":{"start":{"line":21,"column":12},"end":{"line":21,"column":13}},"loc":{"start":{"line":21,"column":29},"end":{"line":23,"column":7}},"line":21},"4":{"name":"(anonymous_4)","decl":{"start":{"line":24,"column":14},"end":{"line":24,"column":15}},"loc":{"start":{"line":24,"column":23},"end":{"line":24,"column":43}},"line":24},"5":{"name":"(anonymous_5)","decl":{"start":{"line":26,"column":28},"end":{"line":26,"column":29}},"loc":{"start":{"line":26,"column":40},"end":{"line":32,"column":3}},"line":26},"6":{"name":"(anonymous_6)","decl":{"start":{"line":28,"column":22},"end":{"line":28,"column":23}},"loc":{"start":{"line":28,"column":34},"end":{"line":28,"column":52}},"line":28},"7":{"name":"(anonymous_7)","decl":{"start":{"line":30,"column":10},"end":{"line":30,"column":11}},"loc":{"start":{"line":30,"column":14},"end":{"line":30,"column":28}},"line":30},"8":{"name":"(anonymous_8)","decl":{"start":{"line":31,"column":12},"end":{"line":31,"column":13}},"loc":{"start":{"line":31,"column":20},"end":{"line":31,"column":38}},"line":31},"9":{"name":"(anonymous_9)","decl":{"start":{"line":34,"column":21},"end":{"line":34,"column":22}},"loc":{"start":{"line":34,"column":33},"end":{"line":39,"column":3}},"line":34},"10":{"name":"(anonymous_10)","decl":{"start":{"line":37,"column":11},"end":{"line":37,"column":12}},"loc":{"start":{"line":37,"column":16},"end":{"line":37,"column":30}},"line":37},"11":{"name":"(anonymous_11)","decl":{"start":{"line":38,"column":12},"end":{"line":38,"column":13}},"loc":{"start":{"line":38,"column":20},"end":{"line":38,"column":38}},"line":38},"12":{"name":"(anonymous_12)","decl":{"start":{"line":41,"column":22},"end":{"line":41,"column":23}},"loc":{"start":{"line":41,"column":40},"end":{"line":67,"column":3}},"line":41},"13":{"name":"(anonymous_13)","decl":{"start":{"line":53,"column":108},"end":{"line":53,"column":109}},"loc":{"start":{"line":53,"column":112},"end":{"line":53,"column":141}},"line":53},"14":{"name":"(anonymous_14)","decl":{"start":{"line":56,"column":52},"end":{"line":56,"column":53}},"loc":{"start":{"line":56,"column":56},"end":{"line":56,"column":78}},"line":56},"15":{"name":"(anonymous_15)","decl":{"start":{"line":60,"column":108},"end":{"line":60,"column":109}},"loc":{"start":{"line":60,"column":112},"end":{"line":60,"column":141}},"line":60},"16":{"name":"(anonymous_16)","decl":{"start":{"line":62,"column":52},"end":{"line":62,"column":53}},"loc":{"start":{"line":62,"column":56},"end":{"line":62,"column":78}},"line":62},"17":{"name":"(anonymous_17)","decl":{"start":{"line":73,"column":32},"end":{"line":73,"column":33}},"loc":{"start":{"line":73,"column":51},"end":{"line":75,"column":7}},"line":73},"18":{"name":"(anonymous_18)","decl":{"start":{"line":76,"column":83},"end":{"line":76,"column":84}},"loc":{"start":{"line":76,"column":87},"end":{"line":76,"column":117}},"line":76},"19":{"name":"(anonymous_19)","decl":{"start":{"line":80,"column":22},"end":{"line":80,"column":23}},"loc":{"start":{"line":80,"column":41},"end":{"line":82,"column":9}},"line":80},"20":{"name":"(anonymous_20)","decl":{"start":{"line":83,"column":85},"end":{"line":83,"column":86}},"loc":{"start":{"line":83,"column":89},"end":{"line":83,"column":119}},"line":83}},"branchMap":{"0":{"loc":{"start":{"line":27,"column":13},"end":{"line":27,"column":38}},"type":"binary-expr","locations":[{"start":{"line":27,"column":13},"end":{"line":27,"column":29}},{"start":{"line":27,"column":33},"end":{"line":27,"column":38}}],"line":27},"1":{"loc":{"start":{"line":50,"column":13},"end":{"line":63,"column":18}},"type":"cond-expr","locations":[{"start":{"line":51,"column":12},"end":{"line":57,"column":18}},{"start":{"line":58,"column":13},"end":{"line":63,"column":18}}],"line":50},"2":{"loc":{"start":{"line":53,"column":41},"end":{"line":55,"column":69}},"type":"cond-expr","locations":[{"start":{"line":53,"column":88},"end":{"line":53,"column":226}},{"start":{"line":55,"column":14},"end":{"line":55,"column":69}}],"line":53},"3":{"loc":{"start":{"line":60,"column":41},"end":{"line":61,"column":69}},"type":"cond-expr","locations":[{"start":{"line":60,"column":88},"end":{"line":60,"column":226}},{"start":{"line":61,"column":14},"end":{"line":61,"column":69}}],"line":60},"4":{"loc":{"start":{"line":71,"column":7},"end":{"line":84,"column":12}},"type":"cond-expr","locations":[{"start":{"line":72,"column":6},"end":{"line":77,"column":10}},{"start":{"line":79,"column":4},"end":{"line":84,"column":12}}],"line":71},"5":{"loc":{"start":{"line":76,"column":7},"end":{"line":76,"column":151}},"type":"cond-expr","locations":[{"start":{"line":76,"column":28},"end":{"line":76,"column":144}},{"start":{"line":76,"column":147},"end":{"line":76,"column":151}}],"line":76},"6":{"loc":{"start":{"line":83,"column":9},"end":{"line":83,"column":153}},"type":"cond-expr","locations":[{"start":{"line":83,"column":30},"end":{"line":83,"column":146}},{"start":{"line":83,"column":149},"end":{"line":83,"column":153}}],"line":83}},"s":{"0":1,"1":0,"2":0,"3":0,"4":0,"5":0,"6":0,"7":0,"8":0,"9":0,"10":0,"11":0,"12":0,"13":0,"14":0,"15":0,"16":0,"17":0,"18":0,"19":0,"20":0,"21":0,"22":0,"23":0,"24":0,"25":0,"26":0,"27":0,"28":0,"29":0,"30":0,"31":0,"32":0,"33":0,"34":0,"35":0},"f":{"0":0,"1":0,"2":0,"3":0,"4":0,"5":0,"6":0,"7":0,"8":0,"9":0,"10":0,"11":0,"12":0,"13":0,"14":0,"15":0,"16":0,"17":0,"18":0,"19":0,"20":0},"b":{"0":[0,0],"1":[0,0],"2":[0,0],"3":[0,0],"4":[0,0],"5":[0,0],"6":[0,0]},"_coverageSchema":"1a1c01bbd47fc00a2c39e90264f33305004495a9","hash":"8828f9c43a5258cb353e229520d7c437d33d5a7e"}
,"/Users/jake/Desktop/FEC/Project-Catwalk/react-client/src/components/Questions-Answers/QA.jsx": {"path":"/Users/jake/Desktop/FEC/Project-Catwalk/react-client/src/components/Questions-Answers/QA.jsx","statementMap":{"0":{"start":{"line":7,"column":10},"end":{"line":14,"column":1}},"1":{"start":{"line":9,"column":2},"end":{"line":13,"column":3}}},"fnMap":{"0":{"name":"(anonymous_0)","decl":{"start":{"line":7,"column":10},"end":{"line":7,"column":11}},"loc":{"start":{"line":7,"column":21},"end":{"line":14,"column":1}},"line":7}},"branchMap":{},"s":{"0":1,"1":1},"f":{"0":1},"b":{},"_coverageSchema":"1a1c01bbd47fc00a2c39e90264f33305004495a9","hash":"7eae9a91b741fce541a7573b3d8af2967b9ed678"}
,"/Users/jake/Desktop/FEC/Project-Catwalk/react-client/src/components/Questions-Answers/QuestionModals.jsx": {"path":"/Users/jake/Desktop/FEC/Project-Catwalk/react-client/src/components/Questions-Answers/QuestionModals.jsx","statementMap":{"0":{"start":{"line":7,"column":23},"end":{"line":94,"column":1}},"1":{"start":{"line":8,"column":33},"end":{"line":8,"column":48}},"2":{"start":{"line":9,"column":34},"end":{"line":9,"column":46}},"3":{"start":{"line":10,"column":34},"end":{"line":10,"column":46}},"4":{"start":{"line":11,"column":28},"end":{"line":11,"column":40}},"5":{"start":{"line":13,"column":2},"end":{"line":15,"column":9}},"6":{"start":{"line":16,"column":23},"end":{"line":27,"column":3}},"7":{"start":{"line":17,"column":4},"end":{"line":17,"column":26}},"8":{"start":{"line":18,"column":4},"end":{"line":26,"column":47}},"9":{"start":{"line":24,"column":20},"end":{"line":24,"column":41}},"10":{"start":{"line":25,"column":20},"end":{"line":25,"column":43}},"11":{"start":{"line":26,"column":24},"end":{"line":26,"column":43}},"12":{"start":{"line":29,"column":21},"end":{"line":32,"column":3}},"13":{"start":{"line":30,"column":15},"end":{"line":30,"column":166}},"14":{"start":{"line":31,"column":4},"end":{"line":31,"column":44}},"15":{"start":{"line":33,"column":24},"end":{"line":45,"column":3}},"16":{"start":{"line":34,"column":4},"end":{"line":34,"column":23}},"17":{"start":{"line":35,"column":18},"end":{"line":35,"column":20}},"18":{"start":{"line":36,"column":4},"end":{"line":36,"column":86}},"19":{"start":{"line":36,"column":33},"end":{"line":36,"column":85}},"20":{"start":{"line":37,"column":4},"end":{"line":37,"column":143}},"21":{"start":{"line":37,"column":33},"end":{"line":37,"column":141}},"22":{"start":{"line":37,"column":59},"end":{"line":37,"column":108}},"23":{"start":{"line":37,"column":118},"end":{"line":37,"column":139}},"24":{"start":{"line":38,"column":4},"end":{"line":40,"column":227}},"25":{"start":{"line":39,"column":6},"end":{"line":39,"column":116}},"26":{"start":{"line":39,"column":32},"end":{"line":39,"column":82}},"27":{"start":{"line":39,"column":92},"end":{"line":39,"column":114}},"28":{"start":{"line":40,"column":11},"end":{"line":40,"column":227}},"29":{"start":{"line":40,"column":37},"end":{"line":40,"column":225}},"30":{"start":{"line":40,"column":63},"end":{"line":40,"column":135}},"31":{"start":{"line":40,"column":145},"end":{"line":40,"column":223}},"32":{"start":{"line":42,"column":4},"end":{"line":44,"column":37}},"33":{"start":{"line":43,"column":6},"end":{"line":43,"column":21}},"34":{"start":{"line":44,"column":13},"end":{"line":44,"column":35}},"35":{"start":{"line":47,"column":2},"end":{"line":93,"column":4}},"36":{"start":{"line":54,"column":30},"end":{"line":54,"column":51}},"37":{"start":{"line":66,"column":102},"end":{"line":66,"column":129}},"38":{"start":{"line":73,"column":110},"end":{"line":73,"column":137}},"39":{"start":{"line":83,"column":128},"end":{"line":83,"column":152}},"40":{"start":{"line":91,"column":65},"end":{"line":91,"column":87}}},"fnMap":{"0":{"name":"(anonymous_0)","decl":{"start":{"line":7,"column":23},"end":{"line":7,"column":24}},"loc":{"start":{"line":7,"column":34},"end":{"line":94,"column":1}},"line":7},"1":{"name":"(anonymous_1)","decl":{"start":{"line":13,"column":12},"end":{"line":13,"column":13}},"loc":{"start":{"line":13,"column":18},"end":{"line":15,"column":3}},"line":13},"2":{"name":"(anonymous_2)","decl":{"start":{"line":16,"column":23},"end":{"line":16,"column":24}},"loc":{"start":{"line":16,"column":29},"end":{"line":27,"column":3}},"line":16},"3":{"name":"(anonymous_3)","decl":{"start":{"line":24,"column":12},"end":{"line":24,"column":13}},"loc":{"start":{"line":24,"column":18},"end":{"line":24,"column":43}},"line":24},"4":{"name":"(anonymous_4)","decl":{"start":{"line":25,"column":12},"end":{"line":25,"column":13}},"loc":{"start":{"line":25,"column":18},"end":{"line":25,"column":45}},"line":25},"5":{"name":"(anonymous_5)","decl":{"start":{"line":26,"column":13},"end":{"line":26,"column":14}},"loc":{"start":{"line":26,"column":22},"end":{"line":26,"column":45}},"line":26},"6":{"name":"(anonymous_6)","decl":{"start":{"line":29,"column":21},"end":{"line":29,"column":22}},"loc":{"start":{"line":29,"column":28},"end":{"line":32,"column":3}},"line":29},"7":{"name":"(anonymous_7)","decl":{"start":{"line":33,"column":24},"end":{"line":33,"column":25}},"loc":{"start":{"line":33,"column":31},"end":{"line":45,"column":3}},"line":33},"8":{"name":"(anonymous_8)","decl":{"start":{"line":54,"column":24},"end":{"line":54,"column":25}},"loc":{"start":{"line":54,"column":30},"end":{"line":54,"column":51}},"line":54},"9":{"name":"(anonymous_9)","decl":{"start":{"line":66,"column":95},"end":{"line":66,"column":96}},"loc":{"start":{"line":66,"column":102},"end":{"line":66,"column":129}},"line":66},"10":{"name":"(anonymous_10)","decl":{"start":{"line":73,"column":104},"end":{"line":73,"column":105}},"loc":{"start":{"line":73,"column":110},"end":{"line":73,"column":137}},"line":73},"11":{"name":"(anonymous_11)","decl":{"start":{"line":83,"column":121},"end":{"line":83,"column":122}},"loc":{"start":{"line":83,"column":128},"end":{"line":83,"column":152}},"line":83},"12":{"name":"(anonymous_12)","decl":{"start":{"line":91,"column":57},"end":{"line":91,"column":58}},"loc":{"start":{"line":91,"column":63},"end":{"line":91,"column":89}},"line":91}},"branchMap":{"0":{"loc":{"start":{"line":36,"column":4},"end":{"line":36,"column":86}},"type":"if","locations":[{"start":{"line":36,"column":4},"end":{"line":36,"column":86}},{"start":{"line":36,"column":4},"end":{"line":36,"column":86}}],"line":36},"1":{"loc":{"start":{"line":37,"column":4},"end":{"line":37,"column":143}},"type":"if","locations":[{"start":{"line":37,"column":4},"end":{"line":37,"column":143}},{"start":{"line":37,"column":4},"end":{"line":37,"column":143}}],"line":37},"2":{"loc":{"start":{"line":37,"column":33},"end":{"line":37,"column":141}},"type":"if","locations":[{"start":{"line":37,"column":33},"end":{"line":37,"column":141}},{"start":{"line":37,"column":33},"end":{"line":37,"column":141}}],"line":37},"3":{"loc":{"start":{"line":38,"column":4},"end":{"line":40,"column":227}},"type":"if","locations":[{"start":{"line":38,"column":4},"end":{"line":40,"column":227}},{"start":{"line":38,"column":4},"end":{"line":40,"column":227}}],"line":38},"4":{"loc":{"start":{"line":39,"column":6},"end":{"line":39,"column":116}},"type":"if","locations":[{"start":{"line":39,"column":6},"end":{"line":39,"column":116}},{"start":{"line":39,"column":6},"end":{"line":39,"column":116}}],"line":39},"5":{"loc":{"start":{"line":40,"column":11},"end":{"line":40,"column":227}},"type":"if","locations":[{"start":{"line":40,"column":11},"end":{"line":40,"column":227}},{"start":{"line":40,"column":11},"end":{"line":40,"column":227}}],"line":40},"6":{"loc":{"start":{"line":40,"column":37},"end":{"line":40,"column":225}},"type":"if","locations":[{"start":{"line":40,"column":37},"end":{"line":40,"column":225}},{"start":{"line":40,"column":37},"end":{"line":40,"column":225}}],"line":40},"7":{"loc":{"start":{"line":42,"column":4},"end":{"line":44,"column":37}},"type":"if","locations":[{"start":{"line":42,"column":4},"end":{"line":44,"column":37}},{"start":{"line":42,"column":4},"end":{"line":44,"column":37}}],"line":42}},"s":{"0":1,"1":1,"2":1,"3":1,"4":1,"5":1,"6":1,"7":0,"8":0,"9":0,"10":0,"11":0,"12":1,"13":0,"14":0,"15":1,"16":0,"17":0,"18":0,"19":0,"20":0,"21":0,"22":0,"23":0,"24":0,"25":0,"26":0,"27":0,"28":0,"29":0,"30":0,"31":0,"32":0,"33":0,"34":0,"35":1,"36":0,"37":0,"38":0,"39":0,"40":0},"f":{"0":1,"1":1,"2":0,"3":0,"4":0,"5":0,"6":0,"7":0,"8":0,"9":0,"10":0,"11":0,"12":0},"b":{"0":[0,0],"1":[0,0],"2":[0,0],"3":[0,0],"4":[0,0],"5":[0,0],"6":[0,0],"7":[0,0]},"_coverageSchema":"1a1c01bbd47fc00a2c39e90264f33305004495a9","hash":"04b5e55b314a63b1affdd4c7192a8692623022e5"}
,"/Users/jake/Desktop/FEC/Project-Catwalk/react-client/src/components/Questions-Answers/Questions.jsx": {"path":"/Users/jake/Desktop/FEC/Project-Catwalk/react-client/src/components/Questions-Answers/Questions.jsx","statementMap":{"0":{"start":{"line":13,"column":18},"end":{"line":150,"column":1}},"1":{"start":{"line":14,"column":36},"end":{"line":14,"column":48}},"2":{"start":{"line":15,"column":37},"end":{"line":15,"column":52}},"3":{"start":{"line":16,"column":47},"end":{"line":16,"column":58}},"4":{"start":{"line":17,"column":46},"end":{"line":17,"column":58}},"5":{"start":{"line":18,"column":40},"end":{"line":18,"column":52}},"6":{"start":{"line":19,"column":30},"end":{"line":19,"column":42}},"7":{"start":{"line":21,"column":2},"end":{"line":23,"column":29}},"8":{"start":{"line":22,"column":4},"end":{"line":22,"column":19}},"9":{"start":{"line":25,"column":21},"end":{"line":33,"column":3}},"10":{"start":{"line":26,"column":4},"end":{"line":32,"column":5}},"11":{"start":{"line":27,"column":17},"end":{"line":27,"column":40}},"12":{"start":{"line":28,"column":6},"end":{"line":31,"column":11}},"13":{"start":{"line":30,"column":10},"end":{"line":30,"column":46}},"14":{"start":{"line":35,"column":30},"end":{"line":41,"column":3}},"15":{"start":{"line":36,"column":15},"end":{"line":36,"column":35}},"16":{"start":{"line":37,"column":4},"end":{"line":37,"column":54}},"17":{"start":{"line":37,"column":34},"end":{"line":37,"column":52}},"18":{"start":{"line":38,"column":4},"end":{"line":40,"column":45}},"19":{"start":{"line":39,"column":20},"end":{"line":39,"column":35}},"20":{"start":{"line":40,"column":24},"end":{"line":40,"column":41}},"21":{"start":{"line":43,"column":25},"end":{"line":48,"column":3}},"22":{"start":{"line":44,"column":15},"end":{"line":44,"column":35}},"23":{"start":{"line":45,"column":4},"end":{"line":47,"column":45}},"24":{"start":{"line":46,"column":20},"end":{"line":46,"column":35}},"25":{"start":{"line":47,"column":24},"end":{"line":47,"column":41}},"26":{"start":{"line":50,"column":25},"end":{"line":90,"column":3}},"27":{"start":{"line":51,"column":17},"end":{"line":51,"column":49}},"28":{"start":{"line":52,"column":4},"end":{"line":89,"column":6}},"29":{"start":{"line":59,"column":57},"end":{"line":59,"column":87}},"30":{"start":{"line":86,"column":33},"end":{"line":86,"column":58}},"31":{"start":{"line":92,"column":21},"end":{"line":95,"column":3}},"32":{"start":{"line":93,"column":4},"end":{"line":93,"column":21}},"33":{"start":{"line":94,"column":4},"end":{"line":94,"column":43}},"34":{"start":{"line":97,"column":20},"end":{"line":102,"column":3}},"35":{"start":{"line":98,"column":19},"end":{"line":98,"column":87}},"36":{"start":{"line":99,"column":4},"end":{"line":101,"column":5}},"37":{"start":{"line":100,"column":6},"end":{"line":100,"column":45}},"38":{"start":{"line":104,"column":28},"end":{"line":134,"column":3}},"39":{"start":{"line":105,"column":4},"end":{"line":121,"column":5}},"40":{"start":{"line":106,"column":6},"end":{"line":120,"column":8}},"41":{"start":{"line":110,"column":70},"end":{"line":110,"column":94}},"42":{"start":{"line":114,"column":77},"end":{"line":114,"column":90}},"43":{"start":{"line":122,"column":4},"end":{"line":133,"column":6}},"44":{"start":{"line":124,"column":64},"end":{"line":124,"column":88}},"45":{"start":{"line":128,"column":73},"end":{"line":128,"column":86}},"46":{"start":{"line":135,"column":2},"end":{"line":149,"column":4}}},"fnMap":{"0":{"name":"(anonymous_0)","decl":{"start":{"line":13,"column":18},"end":{"line":13,"column":19}},"loc":{"start":{"line":13,"column":29},"end":{"line":150,"column":1}},"line":13},"1":{"name":"(anonymous_1)","decl":{"start":{"line":21,"column":12},"end":{"line":21,"column":13}},"loc":{"start":{"line":21,"column":18},"end":{"line":23,"column":3}},"line":21},"2":{"name":"(anonymous_2)","decl":{"start":{"line":25,"column":21},"end":{"line":25,"column":22}},"loc":{"start":{"line":25,"column":27},"end":{"line":33,"column":3}},"line":25},"3":{"name":"(anonymous_3)","decl":{"start":{"line":29,"column":14},"end":{"line":29,"column":15}},"loc":{"start":{"line":29,"column":28},"end":{"line":31,"column":9}},"line":29},"4":{"name":"(anonymous_4)","decl":{"start":{"line":35,"column":30},"end":{"line":35,"column":31}},"loc":{"start":{"line":35,"column":44},"end":{"line":41,"column":3}},"line":35},"5":{"name":"(anonymous_5)","decl":{"start":{"line":37,"column":22},"end":{"line":37,"column":23}},"loc":{"start":{"line":37,"column":34},"end":{"line":37,"column":52}},"line":37},"6":{"name":"(anonymous_6)","decl":{"start":{"line":39,"column":12},"end":{"line":39,"column":13}},"loc":{"start":{"line":39,"column":18},"end":{"line":39,"column":37}},"line":39},"7":{"name":"(anonymous_7)","decl":{"start":{"line":40,"column":13},"end":{"line":40,"column":14}},"loc":{"start":{"line":40,"column":22},"end":{"line":40,"column":43}},"line":40},"8":{"name":"(anonymous_8)","decl":{"start":{"line":43,"column":25},"end":{"line":43,"column":26}},"loc":{"start":{"line":43,"column":39},"end":{"line":48,"column":3}},"line":43},"9":{"name":"(anonymous_9)","decl":{"start":{"line":46,"column":12},"end":{"line":46,"column":13}},"loc":{"start":{"line":46,"column":18},"end":{"line":46,"column":37}},"line":46},"10":{"name":"(anonymous_10)","decl":{"start":{"line":47,"column":13},"end":{"line":47,"column":14}},"loc":{"start":{"line":47,"column":22},"end":{"line":47,"column":43}},"line":47},"11":{"name":"(anonymous_11)","decl":{"start":{"line":50,"column":25},"end":{"line":50,"column":26}},"loc":{"start":{"line":50,"column":46},"end":{"line":90,"column":3}},"line":50},"12":{"name":"(anonymous_12)","decl":{"start":{"line":59,"column":49},"end":{"line":59,"column":50}},"loc":{"start":{"line":59,"column":55},"end":{"line":59,"column":89}},"line":59},"13":{"name":"(anonymous_13)","decl":{"start":{"line":86,"column":25},"end":{"line":86,"column":26}},"loc":{"start":{"line":86,"column":31},"end":{"line":86,"column":60}},"line":86},"14":{"name":"(anonymous_14)","decl":{"start":{"line":92,"column":21},"end":{"line":92,"column":22}},"loc":{"start":{"line":92,"column":27},"end":{"line":95,"column":3}},"line":92},"15":{"name":"(anonymous_15)","decl":{"start":{"line":97,"column":20},"end":{"line":97,"column":21}},"loc":{"start":{"line":97,"column":27},"end":{"line":102,"column":3}},"line":97},"16":{"name":"(anonymous_16)","decl":{"start":{"line":104,"column":28},"end":{"line":104,"column":29}},"loc":{"start":{"line":104,"column":34},"end":{"line":134,"column":3}},"line":104},"17":{"name":"(anonymous_17)","decl":{"start":{"line":110,"column":55},"end":{"line":110,"column":56}},"loc":{"start":{"line":110,"column":70},"end":{"line":110,"column":94}},"line":110},"18":{"name":"(anonymous_18)","decl":{"start":{"line":114,"column":69},"end":{"line":114,"column":70}},"loc":{"start":{"line":114,"column":75},"end":{"line":114,"column":92}},"line":114},"19":{"name":"(anonymous_19)","decl":{"start":{"line":124,"column":49},"end":{"line":124,"column":50}},"loc":{"start":{"line":124,"column":64},"end":{"line":124,"column":88}},"line":124},"20":{"name":"(anonymous_20)","decl":{"start":{"line":128,"column":65},"end":{"line":128,"column":66}},"loc":{"start":{"line":128,"column":71},"end":{"line":128,"column":88}},"line":128}},"branchMap":{"0":{"loc":{"start":{"line":26,"column":4},"end":{"line":32,"column":5}},"type":"if","locations":[{"start":{"line":26,"column":4},"end":{"line":32,"column":5}},{"start":{"line":26,"column":4},"end":{"line":32,"column":5}}],"line":26},"1":{"loc":{"start":{"line":56,"column":41},"end":{"line":56,"column":165}},"type":"cond-expr","locations":[{"start":{"line":56,"column":61},"end":{"line":56,"column":140}},{"start":{"line":56,"column":143},"end":{"line":56,"column":165}}],"line":56},"2":{"loc":{"start":{"line":57,"column":11},"end":{"line":75,"column":13}},"type":"cond-expr","locations":[{"start":{"line":59,"column":14},"end":{"line":65,"column":20}},{"start":{"line":68,"column":14},"end":{"line":74,"column":20}}],"line":57},"3":{"loc":{"start":{"line":99,"column":4},"end":{"line":101,"column":5}},"type":"if","locations":[{"start":{"line":99,"column":4},"end":{"line":101,"column":5}},{"start":{"line":99,"column":4},"end":{"line":101,"column":5}}],"line":99},"4":{"loc":{"start":{"line":99,"column":8},"end":{"line":99,"column":30}},"type":"binary-expr","locations":[{"start":{"line":99,"column":8},"end":{"line":99,"column":14}},{"start":{"line":99,"column":18},"end":{"line":99,"column":30}}],"line":99},"5":{"loc":{"start":{"line":105,"column":4},"end":{"line":121,"column":5}},"type":"if","locations":[{"start":{"line":105,"column":4},"end":{"line":121,"column":5}},{"start":{"line":105,"column":4},"end":{"line":121,"column":5}}],"line":105},"6":{"loc":{"start":{"line":107,"column":45},"end":{"line":107,"column":93}},"type":"cond-expr","locations":[{"start":{"line":107,"column":67},"end":{"line":107,"column":78}},{"start":{"line":107,"column":81},"end":{"line":107,"column":93}}],"line":107},"7":{"loc":{"start":{"line":111,"column":13},"end":{"line":117,"column":95}},"type":"cond-expr","locations":[{"start":{"line":113,"column":16},"end":{"line":116,"column":22}},{"start":{"line":117,"column":18},"end":{"line":117,"column":95}}],"line":111},"8":{"loc":{"start":{"line":123,"column":43},"end":{"line":123,"column":91}},"type":"cond-expr","locations":[{"start":{"line":123,"column":65},"end":{"line":123,"column":76}},{"start":{"line":123,"column":79},"end":{"line":123,"column":91}}],"line":123},"9":{"loc":{"start":{"line":125,"column":9},"end":{"line":131,"column":91}},"type":"cond-expr","locations":[{"start":{"line":127,"column":12},"end":{"line":130,"column":18}},{"start":{"line":131,"column":14},"end":{"line":131,"column":91}}],"line":125},"10":{"loc":{"start":{"line":137,"column":7},"end":{"line":147,"column":87}},"type":"cond-expr","locations":[{"start":{"line":139,"column":10},"end":{"line":145,"column":16}},{"start":{"line":147,"column":10},"end":{"line":147,"column":87}}],"line":137}},"s":{"0":1,"1":1,"2":1,"3":1,"4":1,"5":1,"6":1,"7":1,"8":1,"9":1,"10":1,"11":0,"12":0,"13":0,"14":1,"15":0,"16":0,"17":0,"18":0,"19":0,"20":0,"21":1,"22":0,"23":0,"24":0,"25":0,"26":1,"27":0,"28":0,"29":0,"30":0,"31":1,"32":0,"33":0,"34":1,"35":0,"36":0,"37":0,"38":1,"39":0,"40":0,"41":0,"42":0,"43":0,"44":0,"45":0,"46":1},"f":{"0":1,"1":1,"2":1,"3":0,"4":0,"5":0,"6":0,"7":0,"8":0,"9":0,"10":0,"11":0,"12":0,"13":0,"14":0,"15":0,"16":0,"17":0,"18":0,"19":0,"20":0},"b":{"0":[0,1],"1":[0,0],"2":[0,0],"3":[0,0],"4":[0,0],"5":[0,0],"6":[0,0],"7":[0,0],"8":[0,0],"9":[0,0],"10":[0,1]},"_coverageSchema":"1a1c01bbd47fc00a2c39e90264f33305004495a9","hash":"b272ceca5ba62d39e65ce26e98d909493c4a9709"}
,"/Users/jake/Desktop/FEC/Project-Catwalk/react-client/src/components/Questions-Answers/SearchBar.jsx": {"path":"/Users/jake/Desktop/FEC/Project-Catwalk/react-client/src/components/Questions-Answers/SearchBar.jsx","statementMap":{"0":{"start":{"line":4,"column":18},"end":{"line":36,"column":1}},"1":{"start":{"line":5,"column":35},"end":{"line":5,"column":47}},"2":{"start":{"line":6,"column":34},"end":{"line":6,"column":46}},"3":{"start":{"line":8,"column":2},"end":{"line":11,"column":20}},"4":{"start":{"line":9,"column":4},"end":{"line":9,"column":33}},"5":{"start":{"line":10,"column":4},"end":{"line":10,"column":39}},"6":{"start":{"line":13,"column":26},"end":{"line":21,"column":3}},"7":{"start":{"line":14,"column":4},"end":{"line":14,"column":30}},"8":{"start":{"line":15,"column":4},"end":{"line":20,"column":5}},"9":{"start":{"line":16,"column":15},"end":{"line":16,"column":126}},"10":{"start":{"line":16,"column":50},"end":{"line":16,"column":125}},"11":{"start":{"line":17,"column":6},"end":{"line":17,"column":18}},"12":{"start":{"line":19,"column":6},"end":{"line":19,"column":31}},"13":{"start":{"line":23,"column":2},"end":{"line":35,"column":4}}},"fnMap":{"0":{"name":"(anonymous_0)","decl":{"start":{"line":4,"column":18},"end":{"line":4,"column":19}},"loc":{"start":{"line":4,"column":29},"end":{"line":36,"column":1}},"line":4},"1":{"name":"(anonymous_1)","decl":{"start":{"line":8,"column":12},"end":{"line":8,"column":13}},"loc":{"start":{"line":8,"column":18},"end":{"line":11,"column":3}},"line":8},"2":{"name":"(anonymous_2)","decl":{"start":{"line":13,"column":26},"end":{"line":13,"column":27}},"loc":{"start":{"line":13,"column":33},"end":{"line":21,"column":3}},"line":13},"3":{"name":"(anonymous_3)","decl":{"start":{"line":16,"column":38},"end":{"line":16,"column":39}},"loc":{"start":{"line":16,"column":50},"end":{"line":16,"column":125}},"line":16}},"branchMap":{"0":{"loc":{"start":{"line":15,"column":4},"end":{"line":20,"column":5}},"type":"if","locations":[{"start":{"line":15,"column":4},"end":{"line":20,"column":5}},{"start":{"line":15,"column":4},"end":{"line":20,"column":5}}],"line":15}},"s":{"0":1,"1":0,"2":0,"3":0,"4":0,"5":0,"6":0,"7":0,"8":0,"9":0,"10":0,"11":0,"12":0,"13":0},"f":{"0":0,"1":0,"2":0,"3":0},"b":{"0":[0,0]},"_coverageSchema":"1a1c01bbd47fc00a2c39e90264f33305004495a9","hash":"681cf7937dce8e36aaa13c17edacd68372d0a8bb"}
,"/Users/jake/Desktop/FEC/Project-Catwalk/react-client/src/components/Reviews/PostReviewForm.jsx": {"path":"/Users/jake/Desktop/FEC/Project-Catwalk/react-client/src/components/Reviews/PostReviewForm.jsx","statementMap":{"0":{"start":{"line":7,"column":23},"end":{"line":293,"column":1}},"1":{"start":{"line":8,"column":50},"end":{"line":8,"column":65}},"2":{"start":{"line":9,"column":48},"end":{"line":9,"column":62}},"3":{"start":{"line":10,"column":30},"end":{"line":10,"column":41}},"4":{"start":{"line":11,"column":32},"end":{"line":11,"column":44}},"5":{"start":{"line":12,"column":26},"end":{"line":12,"column":38}},"6":{"start":{"line":13,"column":36},"end":{"line":13,"column":48}},"7":{"start":{"line":14,"column":26},"end":{"line":14,"column":38}},"8":{"start":{"line":15,"column":28},"end":{"line":15,"column":40}},"9":{"start":{"line":16,"column":30},"end":{"line":16,"column":42}},"10":{"start":{"line":17,"column":58},"end":{"line":17,"column":73}},"11":{"start":{"line":18,"column":52},"end":{"line":18,"column":67}},"12":{"start":{"line":19,"column":44},"end":{"line":19,"column":59}},"13":{"start":{"line":20,"column":70},"end":{"line":20,"column":82}},"14":{"start":{"line":21,"column":32},"end":{"line":21,"column":44}},"15":{"start":{"line":23,"column":2},"end":{"line":27,"column":48}},"16":{"start":{"line":24,"column":4},"end":{"line":24,"column":34}},"17":{"start":{"line":25,"column":4},"end":{"line":25,"column":25}},"18":{"start":{"line":26,"column":4},"end":{"line":26,"column":22}},"19":{"start":{"line":29,"column":17},"end":{"line":29,"column":19}},"20":{"start":{"line":30,"column":20},"end":{"line":33,"column":3}},"21":{"start":{"line":31,"column":16},"end":{"line":31,"column":37}},"22":{"start":{"line":32,"column":4},"end":{"line":32,"column":33}},"23":{"start":{"line":35,"column":22},"end":{"line":38,"column":3}},"24":{"start":{"line":36,"column":4},"end":{"line":36,"column":23}},"25":{"start":{"line":37,"column":4},"end":{"line":37,"column":43}},"26":{"start":{"line":39,"column":23},"end":{"line":42,"column":3}},"27":{"start":{"line":40,"column":4},"end":{"line":40,"column":19}},"28":{"start":{"line":41,"column":4},"end":{"line":41,"column":22}},"29":{"start":{"line":45,"column":2},"end":{"line":55,"column":3}},"30":{"start":{"line":46,"column":23},"end":{"line":46,"column":39}},"31":{"start":{"line":47,"column":4},"end":{"line":52,"column":6}},"32":{"start":{"line":54,"column":4},"end":{"line":54,"column":64}},"33":{"start":{"line":57,"column":21},"end":{"line":67,"column":3}},"34":{"start":{"line":69,"column":29},"end":{"line":75,"column":3}},"35":{"start":{"line":70,"column":4},"end":{"line":73,"column":5}},"36":{"start":{"line":71,"column":6},"end":{"line":71,"column":36}},"37":{"start":{"line":72,"column":6},"end":{"line":72,"column":18}},"38":{"start":{"line":74,"column":4},"end":{"line":74,"column":17}},"39":{"start":{"line":76,"column":26},"end":{"line":82,"column":3}},"40":{"start":{"line":77,"column":4},"end":{"line":80,"column":5}},"41":{"start":{"line":78,"column":6},"end":{"line":78,"column":18}},"42":{"start":{"line":79,"column":6},"end":{"line":79,"column":33}},"43":{"start":{"line":81,"column":4},"end":{"line":81,"column":17}},"44":{"start":{"line":84,"column":28},"end":{"line":87,"column":3}},"45":{"start":{"line":85,"column":4},"end":{"line":85,"column":33}},"46":{"start":{"line":86,"column":4},"end":{"line":86,"column":24}},"47":{"start":{"line":89,"column":18},"end":{"line":95,"column":3}},"48":{"start":{"line":90,"column":4},"end":{"line":94,"column":5}},"49":{"start":{"line":91,"column":6},"end":{"line":91,"column":25}},"50":{"start":{"line":93,"column":6},"end":{"line":93,"column":26}},"51":{"start":{"line":97,"column":23},"end":{"line":123,"column":3}},"52":{"start":{"line":98,"column":4},"end":{"line":98,"column":23}},"53":{"start":{"line":99,"column":4},"end":{"line":122,"column":5}},"54":{"start":{"line":100,"column":6},"end":{"line":100,"column":52}},"55":{"start":{"line":101,"column":11},"end":{"line":122,"column":5}},"56":{"start":{"line":102,"column":6},"end":{"line":102,"column":53}},"57":{"start":{"line":103,"column":11},"end":{"line":122,"column":5}},"58":{"start":{"line":104,"column":6},"end":{"line":104,"column":55}},"59":{"start":{"line":105,"column":11},"end":{"line":122,"column":5}},"60":{"start":{"line":106,"column":6},"end":{"line":106,"column":50}},"61":{"start":{"line":107,"column":11},"end":{"line":122,"column":5}},"62":{"start":{"line":108,"column":6},"end":{"line":108,"column":50}},"63":{"start":{"line":109,"column":11},"end":{"line":122,"column":5}},"64":{"start":{"line":110,"column":6},"end":{"line":110,"column":51}},"65":{"start":{"line":112,"column":6},"end":{"line":112,"column":43}},"66":{"start":{"line":113,"column":6},"end":{"line":121,"column":11}},"67":{"start":{"line":115,"column":10},"end":{"line":115,"column":42}},"68":{"start":{"line":116,"column":10},"end":{"line":116,"column":29}},"69":{"start":{"line":117,"column":10},"end":{"line":117,"column":28}},"70":{"start":{"line":120,"column":10},"end":{"line":120,"column":27}},"71":{"start":{"line":124,"column":38},"end":{"line":159,"column":3}},"72":{"start":{"line":125,"column":26},"end":{"line":125,"column":28}},"73":{"start":{"line":126,"column":17},"end":{"line":126,"column":143}},"74":{"start":{"line":127,"column":18},"end":{"line":127,"column":126}},"75":{"start":{"line":128,"column":20},"end":{"line":128,"column":132}},"76":{"start":{"line":129,"column":20},"end":{"line":129,"column":128}},"77":{"start":{"line":130,"column":19},"end":{"line":130,"column":138}},"78":{"start":{"line":131,"column":16},"end":{"line":131,"column":132}},"79":{"start":{"line":132,"column":4},"end":{"line":158,"column":7}},"80":{"start":{"line":133,"column":6},"end":{"line":136,"column":7}},"81":{"start":{"line":134,"column":8},"end":{"line":134,"column":26}},"82":{"start":{"line":135,"column":8},"end":{"line":135,"column":33}},"83":{"start":{"line":137,"column":6},"end":{"line":140,"column":7}},"84":{"start":{"line":138,"column":8},"end":{"line":138,"column":27}},"85":{"start":{"line":139,"column":8},"end":{"line":139,"column":34}},"86":{"start":{"line":141,"column":6},"end":{"line":144,"column":7}},"87":{"start":{"line":142,"column":8},"end":{"line":142,"column":29}},"88":{"start":{"line":143,"column":8},"end":{"line":143,"column":36}},"89":{"start":{"line":145,"column":6},"end":{"line":148,"column":7}},"90":{"start":{"line":146,"column":8},"end":{"line":146,"column":29}},"91":{"start":{"line":147,"column":8},"end":{"line":147,"column":36}},"92":{"start":{"line":149,"column":6},"end":{"line":152,"column":7}},"93":{"start":{"line":150,"column":8},"end":{"line":150,"column":28}},"94":{"start":{"line":151,"column":8},"end":{"line":151,"column":35}},"95":{"start":{"line":153,"column":6},"end":{"line":156,"column":7}},"96":{"start":{"line":154,"column":8},"end":{"line":154,"column":25}},"97":{"start":{"line":155,"column":8},"end":{"line":155,"column":32}},"98":{"start":{"line":157,"column":6},"end":{"line":157,"column":51}},"99":{"start":{"line":161,"column":18},"end":{"line":161,"column":138}},"100":{"start":{"line":163,"column":2},"end":{"line":292,"column":4}},"101":{"start":{"line":204,"column":85},"end":{"line":204,"column":118}},"102":{"start":{"line":206,"column":18},"end":{"line":206,"column":82}},"103":{"start":{"line":214,"column":85},"end":{"line":214,"column":108}},"104":{"start":{"line":225,"column":16},"end":{"line":229,"column":25}},"105":{"start":{"line":225,"column":73},"end":{"line":225,"column":121}},"106":{"start":{"line":227,"column":20},"end":{"line":227,"column":85}},"107":{"start":{"line":236,"column":141},"end":{"line":236,"column":167}},"108":{"start":{"line":242,"column":150},"end":{"line":242,"column":173}},"109":{"start":{"line":255,"column":118},"end":{"line":255,"column":141}},"110":{"start":{"line":264,"column":127},"end":{"line":264,"column":151}},"111":{"start":{"line":273,"column":14},"end":{"line":273,"column":33}},"112":{"start":{"line":274,"column":14},"end":{"line":274,"column":30}},"113":{"start":{"line":282,"column":14},"end":{"line":282,"column":51}},"114":{"start":{"line":283,"column":14},"end":{"line":283,"column":37}}},"fnMap":{"0":{"name":"(anonymous_0)","decl":{"start":{"line":7,"column":23},"end":{"line":7,"column":24}},"loc":{"start":{"line":7,"column":34},"end":{"line":293,"column":1}},"line":7},"1":{"name":"(anonymous_1)","decl":{"start":{"line":23,"column":12},"end":{"line":23,"column":13}},"loc":{"start":{"line":23,"column":18},"end":{"line":27,"column":3}},"line":23},"2":{"name":"(anonymous_2)","decl":{"start":{"line":30,"column":20},"end":{"line":30,"column":21}},"loc":{"start":{"line":30,"column":27},"end":{"line":33,"column":3}},"line":30},"3":{"name":"(anonymous_3)","decl":{"start":{"line":35,"column":22},"end":{"line":35,"column":23}},"loc":{"start":{"line":35,"column":29},"end":{"line":38,"column":3}},"line":35},"4":{"name":"(anonymous_4)","decl":{"start":{"line":39,"column":23},"end":{"line":39,"column":24}},"loc":{"start":{"line":39,"column":30},"end":{"line":42,"column":3}},"line":39},"5":{"name":"(anonymous_5)","decl":{"start":{"line":69,"column":29},"end":{"line":69,"column":30}},"loc":{"start":{"line":69,"column":35},"end":{"line":75,"column":3}},"line":69},"6":{"name":"(anonymous_6)","decl":{"start":{"line":76,"column":26},"end":{"line":76,"column":27}},"loc":{"start":{"line":76,"column":32},"end":{"line":82,"column":3}},"line":76},"7":{"name":"(anonymous_7)","decl":{"start":{"line":84,"column":28},"end":{"line":84,"column":29}},"loc":{"start":{"line":84,"column":44},"end":{"line":87,"column":3}},"line":84},"8":{"name":"(anonymous_8)","decl":{"start":{"line":89,"column":18},"end":{"line":89,"column":19}},"loc":{"start":{"line":89,"column":28},"end":{"line":95,"column":3}},"line":89},"9":{"name":"(anonymous_9)","decl":{"start":{"line":97,"column":23},"end":{"line":97,"column":24}},"loc":{"start":{"line":97,"column":30},"end":{"line":123,"column":3}},"line":97},"10":{"name":"(anonymous_10)","decl":{"start":{"line":114,"column":14},"end":{"line":114,"column":15}},"loc":{"start":{"line":114,"column":24},"end":{"line":118,"column":9}},"line":114},"11":{"name":"(anonymous_11)","decl":{"start":{"line":119,"column":15},"end":{"line":119,"column":16}},"loc":{"start":{"line":119,"column":24},"end":{"line":121,"column":9}},"line":119},"12":{"name":"(anonymous_12)","decl":{"start":{"line":124,"column":38},"end":{"line":124,"column":39}},"loc":{"start":{"line":124,"column":44},"end":{"line":159,"column":3}},"line":124},"13":{"name":"(anonymous_13)","decl":{"start":{"line":132,"column":37},"end":{"line":132,"column":38}},"loc":{"start":{"line":132,"column":44},"end":{"line":158,"column":5}},"line":132},"14":{"name":"(anonymous_14)","decl":{"start":{"line":204,"column":78},"end":{"line":204,"column":79}},"loc":{"start":{"line":204,"column":85},"end":{"line":204,"column":118}},"line":204},"15":{"name":"(anonymous_15)","decl":{"start":{"line":205,"column":29},"end":{"line":205,"column":30}},"loc":{"start":{"line":206,"column":18},"end":{"line":206,"column":82}},"line":206},"16":{"name":"(anonymous_16)","decl":{"start":{"line":214,"column":78},"end":{"line":214,"column":79}},"loc":{"start":{"line":214,"column":85},"end":{"line":214,"column":108}},"line":214},"17":{"name":"(anonymous_17)","decl":{"start":{"line":224,"column":46},"end":{"line":224,"column":47}},"loc":{"start":{"line":225,"column":16},"end":{"line":229,"column":25}},"line":225},"18":{"name":"(anonymous_18)","decl":{"start":{"line":225,"column":66},"end":{"line":225,"column":67}},"loc":{"start":{"line":225,"column":73},"end":{"line":225,"column":121}},"line":225},"19":{"name":"(anonymous_19)","decl":{"start":{"line":226,"column":47},"end":{"line":226,"column":48}},"loc":{"start":{"line":227,"column":20},"end":{"line":227,"column":85}},"line":227},"20":{"name":"(anonymous_20)","decl":{"start":{"line":236,"column":134},"end":{"line":236,"column":135}},"loc":{"start":{"line":236,"column":141},"end":{"line":236,"column":167}},"line":236},"21":{"name":"(anonymous_21)","decl":{"start":{"line":242,"column":143},"end":{"line":242,"column":144}},"loc":{"start":{"line":242,"column":150},"end":{"line":242,"column":173}},"line":242},"22":{"name":"(anonymous_22)","decl":{"start":{"line":255,"column":111},"end":{"line":255,"column":112}},"loc":{"start":{"line":255,"column":118},"end":{"line":255,"column":141}},"line":255},"23":{"name":"(anonymous_23)","decl":{"start":{"line":264,"column":120},"end":{"line":264,"column":121}},"loc":{"start":{"line":264,"column":127},"end":{"line":264,"column":151}},"line":264},"24":{"name":"(anonymous_24)","decl":{"start":{"line":272,"column":21},"end":{"line":272,"column":22}},"loc":{"start":{"line":272,"column":28},"end":{"line":275,"column":13}},"line":272},"25":{"name":"(anonymous_25)","decl":{"start":{"line":281,"column":21},"end":{"line":281,"column":22}},"loc":{"start":{"line":281,"column":27},"end":{"line":284,"column":13}},"line":281}},"branchMap":{"0":{"loc":{"start":{"line":45,"column":2},"end":{"line":55,"column":3}},"type":"if","locations":[{"start":{"line":45,"column":2},"end":{"line":55,"column":3}},{"start":{"line":45,"column":2},"end":{"line":55,"column":3}}],"line":45},"1":{"loc":{"start":{"line":70,"column":4},"end":{"line":73,"column":5}},"type":"if","locations":[{"start":{"line":70,"column":4},"end":{"line":73,"column":5}},{"start":{"line":70,"column":4},"end":{"line":73,"column":5}}],"line":70},"2":{"loc":{"start":{"line":70,"column":8},"end":{"line":70,"column":49}},"type":"binary-expr","locations":[{"start":{"line":70,"column":8},"end":{"line":70,"column":26}},{"start":{"line":70,"column":30},"end":{"line":70,"column":49}}],"line":70},"3":{"loc":{"start":{"line":77,"column":4},"end":{"line":80,"column":5}},"type":"if","locations":[{"start":{"line":77,"column":4},"end":{"line":80,"column":5}},{"start":{"line":77,"column":4},"end":{"line":80,"column":5}}],"line":77},"4":{"loc":{"start":{"line":77,"column":8},"end":{"line":77,"column":46}},"type":"binary-expr","locations":[{"start":{"line":77,"column":8},"end":{"line":77,"column":24}},{"start":{"line":77,"column":28},"end":{"line":77,"column":46}}],"line":77},"5":{"loc":{"start":{"line":90,"column":4},"end":{"line":94,"column":5}},"type":"if","locations":[{"start":{"line":90,"column":4},"end":{"line":94,"column":5}},{"start":{"line":90,"column":4},"end":{"line":94,"column":5}}],"line":90},"6":{"loc":{"start":{"line":99,"column":4},"end":{"line":122,"column":5}},"type":"if","locations":[{"start":{"line":99,"column":4},"end":{"line":122,"column":5}},{"start":{"line":99,"column":4},"end":{"line":122,"column":5}}],"line":99},"7":{"loc":{"start":{"line":101,"column":11},"end":{"line":122,"column":5}},"type":"if","locations":[{"start":{"line":101,"column":11},"end":{"line":122,"column":5}},{"start":{"line":101,"column":11},"end":{"line":122,"column":5}}],"line":101},"8":{"loc":{"start":{"line":103,"column":11},"end":{"line":122,"column":5}},"type":"if","locations":[{"start":{"line":103,"column":11},"end":{"line":122,"column":5}},{"start":{"line":103,"column":11},"end":{"line":122,"column":5}}],"line":103},"9":{"loc":{"start":{"line":105,"column":11},"end":{"line":122,"column":5}},"type":"if","locations":[{"start":{"line":105,"column":11},"end":{"line":122,"column":5}},{"start":{"line":105,"column":11},"end":{"line":122,"column":5}}],"line":105},"10":{"loc":{"start":{"line":107,"column":11},"end":{"line":122,"column":5}},"type":"if","locations":[{"start":{"line":107,"column":11},"end":{"line":122,"column":5}},{"start":{"line":107,"column":11},"end":{"line":122,"column":5}}],"line":107},"11":{"loc":{"start":{"line":109,"column":11},"end":{"line":122,"column":5}},"type":"if","locations":[{"start":{"line":109,"column":11},"end":{"line":122,"column":5}},{"start":{"line":109,"column":11},"end":{"line":122,"column":5}}],"line":109},"12":{"loc":{"start":{"line":133,"column":6},"end":{"line":136,"column":7}},"type":"if","locations":[{"start":{"line":133,"column":6},"end":{"line":136,"column":7}},{"start":{"line":133,"column":6},"end":{"line":136,"column":7}}],"line":133},"13":{"loc":{"start":{"line":137,"column":6},"end":{"line":140,"column":7}},"type":"if","locations":[{"start":{"line":137,"column":6},"end":{"line":140,"column":7}},{"start":{"line":137,"column":6},"end":{"line":140,"column":7}}],"line":137},"14":{"loc":{"start":{"line":141,"column":6},"end":{"line":144,"column":7}},"type":"if","locations":[{"start":{"line":141,"column":6},"end":{"line":144,"column":7}},{"start":{"line":141,"column":6},"end":{"line":144,"column":7}}],"line":141},"15":{"loc":{"start":{"line":145,"column":6},"end":{"line":148,"column":7}},"type":"if","locations":[{"start":{"line":145,"column":6},"end":{"line":148,"column":7}},{"start":{"line":145,"column":6},"end":{"line":148,"column":7}}],"line":145},"16":{"loc":{"start":{"line":149,"column":6},"end":{"line":152,"column":7}},"type":"if","locations":[{"start":{"line":149,"column":6},"end":{"line":152,"column":7}},{"start":{"line":149,"column":6},"end":{"line":152,"column":7}}],"line":149},"17":{"loc":{"start":{"line":153,"column":6},"end":{"line":156,"column":7}},"type":"if","locations":[{"start":{"line":153,"column":6},"end":{"line":156,"column":7}},{"start":{"line":153,"column":6},"end":{"line":156,"column":7}}],"line":153}},"s":{"0":1,"1":0,"2":0,"3":0,"4":0,"5":0,"6":0,"7":0,"8":0,"9":0,"10":0,"11":0,"12":0,"13":0,"14":0,"15":0,"16":0,"17":0,"18":0,"19":0,"20":0,"21":0,"22":0,"23":0,"24":0,"25":0,"26":0,"27":0,"28":0,"29":0,"30":0,"31":0,"32":0,"33":0,"34":0,"35":0,"36":0,"37":0,"38":0,"39":0,"40":0,"41":0,"42":0,"43":0,"44":0,"45":0,"46":0,"47":0,"48":0,"49":0,"50":0,"51":0,"52":0,"53":0,"54":0,"55":0,"56":0,"57":0,"58":0,"59":0,"60":0,"61":0,"62":0,"63":0,"64":0,"65":0,"66":0,"67":0,"68":0,"69":0,"70":0,"71":0,"72":0,"73":0,"74":0,"75":0,"76":0,"77":0,"78":0,"79":0,"80":0,"81":0,"82":0,"83":0,"84":0,"85":0,"86":0,"87":0,"88":0,"89":0,"90":0,"91":0,"92":0,"93":0,"94":0,"95":0,"96":0,"97":0,"98":0,"99":0,"100":0,"101":0,"102":0,"103":0,"104":0,"105":0,"106":0,"107":0,"108":0,"109":0,"110":0,"111":0,"112":0,"113":0,"114":0},"f":{"0":0,"1":0,"2":0,"3":0,"4":0,"5":0,"6":0,"7":0,"8":0,"9":0,"10":0,"11":0,"12":0,"13":0,"14":0,"15":0,"16":0,"17":0,"18":0,"19":0,"20":0,"21":0,"22":0,"23":0,"24":0,"25":0},"b":{"0":[0,0],"1":[0,0],"2":[0,0],"3":[0,0],"4":[0,0],"5":[0,0],"6":[0,0],"7":[0,0],"8":[0,0],"9":[0,0],"10":[0,0],"11":[0,0],"12":[0,0],"13":[0,0],"14":[0,0],"15":[0,0],"16":[0,0],"17":[0,0]},"_coverageSchema":"1a1c01bbd47fc00a2c39e90264f33305004495a9","hash":"da9344378474d3c189c8990ca1ff94b255c4334f"}
,"/Users/jake/Desktop/FEC/Project-Catwalk/react-client/src/components/Reviews/ReviewImageElement.jsx": {"path":"/Users/jake/Desktop/FEC/Project-Catwalk/react-client/src/components/Reviews/ReviewImageElement.jsx","statementMap":{"0":{"start":{"line":4,"column":27},"end":{"line":18,"column":1}},"1":{"start":{"line":5,"column":40},"end":{"line":5,"column":55}},"2":{"start":{"line":6,"column":22},"end":{"line":8,"column":3}},"3":{"start":{"line":7,"column":4},"end":{"line":7,"column":33}},"4":{"start":{"line":9,"column":2},"end":{"line":17,"column":4}}},"fnMap":{"0":{"name":"(anonymous_0)","decl":{"start":{"line":4,"column":27},"end":{"line":4,"column":28}},"loc":{"start":{"line":4,"column":40},"end":{"line":18,"column":1}},"line":4},"1":{"name":"(anonymous_1)","decl":{"start":{"line":6,"column":22},"end":{"line":6,"column":23}},"loc":{"start":{"line":6,"column":28},"end":{"line":8,"column":3}},"line":6}},"branchMap":{},"s":{"0":1,"1":0,"2":0,"3":0,"4":0},"f":{"0":0,"1":0},"b":{},"_coverageSchema":"1a1c01bbd47fc00a2c39e90264f33305004495a9","hash":"4277d146d46124b24e38de78e2df88b72b42cbfe"}
,"/Users/jake/Desktop/FEC/Project-Catwalk/react-client/src/components/Reviews/ReviewPhotos.jsx": {"path":"/Users/jake/Desktop/FEC/Project-Catwalk/react-client/src/components/Reviews/ReviewPhotos.jsx","statementMap":{"0":{"start":{"line":4,"column":21},"end":{"line":10,"column":1}},"1":{"start":{"line":5,"column":2},"end":{"line":9,"column":8}},"2":{"start":{"line":7,"column":6},"end":{"line":7,"column":52}}},"fnMap":{"0":{"name":"(anonymous_0)","decl":{"start":{"line":4,"column":21},"end":{"line":4,"column":22}},"loc":{"start":{"line":5,"column":2},"end":{"line":9,"column":8}},"line":5},"1":{"name":"(anonymous_1)","decl":{"start":{"line":6,"column":25},"end":{"line":6,"column":26}},"loc":{"start":{"line":7,"column":6},"end":{"line":7,"column":52}},"line":7}},"branchMap":{},"s":{"0":1,"1":0,"2":0},"f":{"0":0,"1":0},"b":{},"_coverageSchema":"1a1c01bbd47fc00a2c39e90264f33305004495a9","hash":"52707b191195fc44d869a3b6f965155eca5fffbd"}
[...]
,"/Users/jake/Desktop/FEC/Project-Catwalk/react-client/src/components/related items/RelatedItemsTest.jsx": {"path":"/Users/jake/Desktop/FEC/Project-Catwalk/react-client/src/components/related items/RelatedItemsTest.jsx","statementMap":{"0":{"start":{"line":4,"column":21},"end":{"line":23,"column":1}},"1":{"start":{"line":5,"column":33},"end":{"line":5,"column":45}},"2":{"start":{"line":7,"column":2},"end":{"line":9,"column":8}},"3":{"start":{"line":8,"column":4},"end":{"line":8,"column":22}},"4":{"start":{"line":11,"column":27},"end":{"line":15,"column":3}},"5":{"start":{"line":12,"column":4},"end":{"line":14,"column":39}},"6":{"start":{"line":13,"column":24},"end":{"line":13,"column":50}},"7":{"start":{"line":14,"column":21},"end":{"line":14,"column":37}},"8":{"start":{"line":17,"column":2},"end":{"line":22,"column":3}}},"fnMap":{"0":{"name":"(anonymous_0)","decl":{"start":{"line":4,"column":21},"end":{"line":4,"column":22}},"loc":{"start":{"line":4,"column":27},"end":{"line":23,"column":1}},"line":4},"1":{"name":"(anonymous_1)","decl":{"start":{"line":7,"column":12},"end":{"line":7,"column":13}},"loc":{"start":{"line":7,"column":18},"end":{"line":9,"column":3}},"line":7},"2":{"name":"(anonymous_2)","decl":{"start":{"line":11,"column":27},"end":{"line":11,"column":28}},"loc":{"start":{"line":11,"column":33},"end":{"line":15,"column":3}},"line":11},"3":{"name":"(anonymous_3)","decl":{"start":{"line":13,"column":10},"end":{"line":13,"column":11}},"loc":{"start":{"line":13,"column":24},"end":{"line":13,"column":50}},"line":13},"4":{"name":"(anonymous_4)","decl":{"start":{"line":14,"column":11},"end":{"line":14,"column":12}},"loc":{"start":{"line":14,"column":21},"end":{"line":14,"column":37}},"line":14}},"branchMap":{"0":{"loc":{"start":{"line":19,"column":10},"end":{"line":19,"column":42}},"type":"cond-expr","locations":[{"start":{"line":19,"column":19},"end":{"line":19,"column":30}},{"start":{"line":19,"column":33},"end":{"line":19,"column":42}}],"line":19},"1":{"loc":{"start":{"line":20,"column":10},"end":{"line":20,"column":52}},"type":"cond-expr","locations":[{"start":{"line":20,"column":19},"end":{"line":20,"column":40}},{"start":{"line":20,"column":43},"end":{"line":20,"column":52}}],"line":20}},"s":{"0":1,"1":4,"2":3,"3":2,"4":3,"5":2,"6":2,"7":0,"8":3},"f":{"0":4,"1":2,"2":2,"3":2,"4":0},"b":{"0":[3,0],"1":[3,0]},"_coverageSchema":"1a1c01bbd47fc00a2c39e90264f33305004495a9","hash":"f0d508a4d22019841db88957e1698b56864e6b1f"}
,"/Users/jake/Desktop/FEC/Project-Catwalk/react-client/src/components/related items/relatedItemsElements.jsx": {"path":"/Users/jake/Desktop/FEC/Project-Catwalk/react-client/src/components/related items/relatedItemsElements.jsx","statementMap":{"0":{"start":{"line":8,"column":35},"end":{"line":8,"column":47}},"1":{"start":{"line":9,"column":41},"end":{"line":9,"column":53}},"2":{"start":{"line":11,"column":2},"end":{"line":14,"column":36}},"3":{"start":{"line":12,"column":4},"end":{"line":12,"column":20}},"4":{"start":{"line":13,"column":4},"end":{"line":13,"column":22}},"5":{"start":{"line":16,"column":23},"end":{"line":24,"column":3}},"6":{"start":{"line":17,"column":22},"end":{"line":17,"column":24}},"7":{"start":{"line":18,"column":4},"end":{"line":23,"column":6}},"8":{"start":{"line":19,"column":6},"end":{"line":22,"column":43}},"9":{"start":{"line":20,"column":28},"end":{"line":20,"column":58}},"10":{"start":{"line":21,"column":21},"end":{"line":21,"column":47}},"11":{"start":{"line":22,"column":25},"end":{"line":22,"column":41}},"12":{"start":{"line":26,"column":25},"end":{"line":32,"column":3}},"13":{"start":{"line":27,"column":4},"end":{"line":31,"column":6}},"14":{"start":{"line":28,"column":6},"end":{"line":30,"column":43}},"15":{"start":{"line":29,"column":28},"end":{"line":29,"column":91}},"16":{"start":{"line":29,"column":60},"end":{"line":29,"column":89}},"17":{"start":{"line":30,"column":25},"end":{"line":30,"column":41}},"18":{"start":{"line":34,"column":2},"end":{"line":45,"column":3}}},"fnMap":{"0":{"name":"RelatedItemsElements","decl":{"start":{"line":7,"column":9},"end":{"line":7,"column":29}},"loc":{"start":{"line":7,"column":37},"end":{"line":46,"column":1}},"line":7},"1":{"name":"(anonymous_1)","decl":{"start":{"line":11,"column":12},"end":{"line":11,"column":13}},"loc":{"start":{"line":11,"column":18},"end":{"line":14,"column":3}},"line":11},"2":{"name":"(anonymous_2)","decl":{"start":{"line":16,"column":23},"end":{"line":16,"column":24}},"loc":{"start":{"line":16,"column":29},"end":{"line":24,"column":3}},"line":16},"3":{"name":"(anonymous_3)","decl":{"start":{"line":18,"column":30},"end":{"line":18,"column":31}},"loc":{"start":{"line":18,"column":38},"end":{"line":23,"column":5}},"line":18},"4":{"name":"(anonymous_4)","decl":{"start":{"line":20,"column":14},"end":{"line":20,"column":15}},"loc":{"start":{"line":20,"column":28},"end":{"line":20,"column":58}},"line":20},"5":{"name":"(anonymous_5)","decl":{"start":{"line":21,"column":14},"end":{"line":21,"column":15}},"loc":{"start":{"line":21,"column":21},"end":{"line":21,"column":47}},"line":21},"6":{"name":"(anonymous_6)","decl":{"start":{"line":22,"column":15},"end":{"line":22,"column":16}},"loc":{"start":{"line":22,"column":25},"end":{"line":22,"column":41}},"line":22},"7":{"name":"(anonymous_7)","decl":{"start":{"line":26,"column":25},"end":{"line":26,"column":26}},"loc":{"start":{"line":26,"column":31},"end":{"line":32,"column":3}},"line":26},"8":{"name":"(anonymous_8)","decl":{"start":{"line":27,"column":30},"end":{"line":27,"column":31}},"loc":{"start":{"line":27,"column":38},"end":{"line":31,"column":5}},"line":27},"9":{"name":"(anonymous_9)","decl":{"start":{"line":29,"column":14},"end":{"line":29,"column":15}},"loc":{"start":{"line":29,"column":28},"end":{"line":29,"column":91}},"line":29},"10":{"name":"(anonymous_10)","decl":{"start":{"line":29,"column":45},"end":{"line":29,"column":46}},"loc":{"start":{"line":29,"column":60},"end":{"line":29,"column":89}},"line":29},"11":{"name":"(anonymous_11)","decl":{"start":{"line":30,"column":15},"end":{"line":30,"column":16}},"loc":{"start":{"line":30,"column":25},"end":{"line":30,"column":41}},"line":30}},"branchMap":{},"s":{"0":1,"1":1,"2":1,"3":1,"4":1,"5":1,"6":1,"7":1,"8":0,"9":0,"10":0,"11":0,"12":1,"13":1,"14":0,"15":0,"16":0,"17":0,"18":1},"f":{"0":1,"1":1,"2":1,"3":0,"4":0,"5":0,"6":0,"7":1,"8":0,"9":0,"10":0,"11":0},"b":{},"_coverageSchema":"1a1c01bbd47fc00a2c39e90264f33305004495a9","hash":"97a46770adc4259bbf6b39bf3dd90e32fe632900"}
,"/Users/jake/Desktop/FEC/Project-Catwalk/react-client/src/components/related items/relatedItemsList.jsx": {"path":"/Users/jake/Desktop/FEC/Project-Catwalk/react-client/src/components/related items/relatedItemsList.jsx","statementMap":{"0":{"start":{"line":7,"column":65},"end":{"line":7,"column":77}},"1":{"start":{"line":8,"column":48},"end":{"line":8,"column":60}},"2":{"start":{"line":9,"column":25},"end":{"line":9,"column":57}},"3":{"start":{"line":11,"column":2},"end":{"line":14,"column":29}},"4":{"start":{"line":12,"column":4},"end":{"line":12,"column":24}},"5":{"start":{"line":13,"column":4},"end":{"line":13,"column":19}},"6":{"start":{"line":16,"column":27},"end":{"line":20,"column":3}},"7":{"start":{"line":17,"column":4},"end":{"line":19,"column":36}},"8":{"start":{"line":18,"column":26},"end":{"line":18,"column":68}},"9":{"start":{"line":19,"column":23},"end":{"line":19,"column":34}},"10":{"start":{"line":22,"column":22},"end":{"line":26,"column":3}},"11":{"start":{"line":23,"column":4},"end":{"line":25,"column":39}},"12":{"start":{"line":24,"column":26},"end":{"line":24,"column":91}},"13":{"start":{"line":24,"column":74},"end":{"line":24,"column":88}},"14":{"start":{"line":25,"column":22},"end":{"line":25,"column":38}},"15":{"start":{"line":28,"column":2},"end":{"line":38,"column":3}}},"fnMap":{"0":{"name":"RelatedItemsList","decl":{"start":{"line":6,"column":9},"end":{"line":6,"column":25}},"loc":{"start":{"line":6,"column":33},"end":{"line":39,"column":1}},"line":6},"1":{"name":"(anonymous_1)","decl":{"start":{"line":11,"column":12},"end":{"line":11,"column":13}},"loc":{"start":{"line":11,"column":18},"end":{"line":14,"column":3}},"line":11},"2":{"name":"(anonymous_2)","decl":{"start":{"line":16,"column":27},"end":{"line":16,"column":28}},"loc":{"start":{"line":16,"column":33},"end":{"line":20,"column":3}},"line":16},"3":{"name":"(anonymous_3)","decl":{"start":{"line":18,"column":12},"end":{"line":18,"column":13}},"loc":{"start":{"line":18,"column":26},"end":{"line":18,"column":68}},"line":18},"4":{"name":"(anonymous_4)","decl":{"start":{"line":19,"column":13},"end":{"line":19,"column":14}},"loc":{"start":{"line":19,"column":23},"end":{"line":19,"column":34}},"line":19},"5":{"name":"(anonymous_5)","decl":{"start":{"line":22,"column":22},"end":{"line":22,"column":23}},"loc":{"start":{"line":22,"column":28},"end":{"line":26,"column":3}},"line":22},"6":{"name":"(anonymous_6)","decl":{"start":{"line":24,"column":12},"end":{"line":24,"column":13}},"loc":{"start":{"line":24,"column":26},"end":{"line":24,"column":91}},"line":24},"7":{"name":"(anonymous_7)","decl":{"start":{"line":24,"column":65},"end":{"line":24,"column":66}},"loc":{"start":{"line":24,"column":74},"end":{"line":24,"column":88}},"line":24},"8":{"name":"(anonymous_8)","decl":{"start":{"line":25,"column":13},"end":{"line":25,"column":14}},"loc":{"start":{"line":25,"column":22},"end":{"line":25,"column":38}},"line":25}},"branchMap":{"0":{"loc":{"start":{"line":9,"column":25},"end":{"line":9,"column":57}},"type":"binary-expr","locations":[{"start":{"line":9,"column":25},"end":{"line":9,"column":48}},{"start":{"line":9,"column":52},"end":{"line":9,"column":57}}],"line":9}},"s":{"0":1,"1":1,"2":1,"3":1,"4":1,"5":1,"6":1,"7":1,"8":0,"9":0,"10":1,"11":1,"12":0,"13":0,"14":0,"15":1},"f":{"0":1,"1":1,"2":1,"3":0,"4":0,"5":1,"6":0,"7":0,"8":0},"b":{"0":[1,1]},"_coverageSchema":"1a1c01bbd47fc00a2c39e90264f33305004495a9","hash":"ce954b6403bf434089df09b9872c50570dd52b73"}
,"/Users/jake/Desktop/FEC/Project-Catwalk/react-client/src/components/related items/yourOutfitList.jsx": {"path":"/Users/jake/Desktop/FEC/Project-Catwalk/react-client/src/components/related items/yourOutfitList.jsx","statementMap":{"0":{"start":{"line":8,"column":41},"end":{"line":8,"column":53}},"1":{"start":{"line":9,"column":47},"end":{"line":9,"column":59}},"2":{"start":{"line":10,"column":51},"end":{"line":10,"column":63}},"3":{"start":{"line":12,"column":2},"end":{"line":17,"column":28}},"4":{"start":{"line":13,"column":27},"end":{"line":13,"column":50}},"5":{"start":{"line":14,"column":4},"end":{"line":16,"column":41}},"6":{"start":{"line":15,"column":26},"end":{"line":15,"column":59}},"7":{"start":{"line":16,"column":23},"end":{"line":16,"column":39}},"8":{"start":{"line":19,"column":2},"end":{"line":28,"column":8}},"9":{"start":{"line":20,"column":26},"end":{"line":20,"column":57}},"10":{"start":{"line":21,"column":25},"end":{"line":21,"column":55}},"11":{"start":{"line":22,"column":4},"end":{"line":24,"column":5}},"12":{"start":{"line":23,"column":6},"end":{"line":23,"column":49}},"13":{"start":{"line":25,"column":4},"end":{"line":27,"column":5}},"14":{"start":{"line":26,"column":6},"end":{"line":26,"column":53}},"15":{"start":{"line":30,"column":2},"end":{"line":33,"column":35}},"16":{"start":{"line":31,"column":4},"end":{"line":31,"column":63}},"17":{"start":{"line":32,"column":4},"end":{"line":32,"column":67}},"18":{"start":{"line":35,"column":24},"end":{"line":40,"column":3}},"19":{"start":{"line":36,"column":4},"end":{"line":39,"column":5}},"20":{"start":{"line":37,"column":6},"end":{"line":37,"column":79}},"21":{"start":{"line":37,"column":40},"end":{"line":37,"column":77}},"22":{"start":{"line":38,"column":6},"end":{"line":38,"column":158}},"23":{"start":{"line":38,"column":50},"end":{"line":38,"column":156}},"24":{"start":{"line":42,"column":29},"end":{"line":46,"column":3}},"25":{"start":{"line":43,"column":13},"end":{"line":43,"column":35}},"26":{"start":{"line":44,"column":4},"end":{"line":44,"column":71}},"27":{"start":{"line":44,"column":52},"end":{"line":44,"column":68}},"28":{"start":{"line":45,"column":4},"end":{"line":45,"column":79}},"29":{"start":{"line":45,"column":61},"end":{"line":45,"column":76}},"30":{"start":{"line":48,"column":18},"end":{"line":54,"column":3}},"31":{"start":{"line":49,"column":4},"end":{"line":53,"column":5}},"32":{"start":{"line":49,"column":17},"end":{"line":49,"column":18}},"33":{"start":{"line":50,"column":6},"end":{"line":52,"column":7}},"34":{"start":{"line":51,"column":8},"end":{"line":51,"column":36}},"35":{"start":{"line":56,"column":2},"end":{"line":91,"column":3}},"36":{"start":{"line":57,"column":4},"end":{"line":66,"column":5}},"37":{"start":{"line":69,"column":4},"end":{"line":90,"column":5}},"38":{"start":{"line":76,"column":10},"end":{"line":85,"column":16}}},"fnMap":{"0":{"name":"YourOutfitList","decl":{"start":{"line":7,"column":9},"end":{"line":7,"column":23}},"loc":{"start":{"line":7,"column":31},"end":{"line":92,"column":1}},"line":7},"1":{"name":"(anonymous_1)","decl":{"start":{"line":12,"column":12},"end":{"line":12,"column":13}},"loc":{"start":{"line":12,"column":18},"end":{"line":17,"column":3}},"line":12},"2":{"name":"(anonymous_2)","decl":{"start":{"line":15,"column":12},"end":{"line":15,"column":13}},"loc":{"start":{"line":15,"column":26},"end":{"line":15,"column":59}},"line":15},"3":{"name":"(anonymous_3)","decl":{"start":{"line":16,"column":13},"end":{"line":16,"column":14}},"loc":{"start":{"line":16,"column":23},"end":{"line":16,"column":39}},"line":16},"4":{"name":"(anonymous_4)","decl":{"start":{"line":19,"column":12},"end":{"line":19,"column":13}},"loc":{"start":{"line":19,"column":18},"end":{"line":28,"column":3}},"line":19},"5":{"name":"(anonymous_5)","decl":{"start":{"line":30,"column":12},"end":{"line":30,"column":13}},"loc":{"start":{"line":30,"column":18},"end":{"line":33,"column":3}},"line":30},"6":{"name":"(anonymous_6)","decl":{"start":{"line":35,"column":24},"end":{"line":35,"column":25}},"loc":{"start":{"line":35,"column":30},"end":{"line":40,"column":3}},"line":35},"7":{"name":"(anonymous_7)","decl":{"start":{"line":37,"column":23},"end":{"line":37,"column":24}},"loc":{"start":{"line":37,"column":40},"end":{"line":37,"column":77}},"line":37},"8":{"name":"(anonymous_8)","decl":{"start":{"line":38,"column":28},"end":{"line":38,"column":29}},"loc":{"start":{"line":38,"column":50},"end":{"line":38,"column":156}},"line":38},"9":{"name":"(anonymous_9)","decl":{"start":{"line":42,"column":29},"end":{"line":42,"column":30}},"loc":{"start":{"line":42,"column":36},"end":{"line":46,"column":3}},"line":42},"10":{"name":"(anonymous_10)","decl":{"start":{"line":44,"column":39},"end":{"line":44,"column":40}},"loc":{"start":{"line":44,"column":52},"end":{"line":44,"column":68}},"line":44},"11":{"name":"(anonymous_11)","decl":{"start":{"line":45,"column":49},"end":{"line":45,"column":50}},"loc":{"start":{"line":45,"column":61},"end":{"line":45,"column":76}},"line":45},"12":{"name":"(anonymous_12)","decl":{"start":{"line":48,"column":18},"end":{"line":48,"column":19}},"loc":{"start":{"line":48,"column":26},"end":{"line":54,"column":3}},"line":48},"13":{"name":"(anonymous_13)","decl":{"start":{"line":75,"column":24},"end":{"line":75,"column":25}},"loc":{"start":{"line":76,"column":10},"end":{"line":85,"column":16}},"line":76}},"branchMap":{"0":{"loc":{"start":{"line":22,"column":4},"end":{"line":24,"column":5}},"type":"if","locations":[{"start":{"line":22,"column":4},"end":{"line":24,"column":5}},{"start":{"line":22,"column":4},"end":{"line":24,"column":5}}],"line":22},"1":{"loc":{"start":{"line":25,"column":4},"end":{"line":27,"column":5}},"type":"if","locations":[{"start":{"line":25,"column":4},"end":{"line":27,"column":5}},{"start":{"line":25,"column":4},"end":{"line":27,"column":5}}],"line":25},"2":{"loc":{"start":{"line":36,"column":4},"end":{"line":39,"column":5}},"type":"if","locations":[{"start":{"line":36,"column":4},"end":{"line":39,"column":5}},{"start":{"line":36,"column":4},"end":{"line":39,"column":5}}],"line":36},"3":{"loc":{"start":{"line":50,"column":6},"end":{"line":52,"column":7}},"type":"if","locations":[{"start":{"line":50,"column":6},"end":{"line":52,"column":7}},{"start":{"line":50,"column":6},"end":{"line":52,"column":7}}],"line":50},"4":{"loc":{"start":{"line":56,"column":2},"end":{"line":91,"column":3}},"type":"if","locations":[{"start":{"line":56,"column":2},"end":{"line":91,"column":3}},{"start":{"line":56,"column":2},"end":{"line":91,"column":3}}],"line":56},"5":{"loc":{"start":{"line":82,"column":41},"end":{"line":82,"column":101}},"type":"cond-expr","locations":[{"start":{"line":82,"column":61},"end":{"line":82,"column":78}},{"start":{"line":82,"column":81},"end":{"line":82,"column":101}}],"line":82}},"s":{"0":1,"1":1,"2":1,"3":1,"4":1,"5":1,"6":0,"7":0,"8":1,"9":1,"10":1,"11":1,"12":0,"13":1,"14":0,"15":1,"16":1,"17":1,"18":1,"19":0,"20":0,"21":0,"22":0,"23":0,"24":1,"25":0,"26":0,"27":0,"28":0,"29":0,"30":1,"31":0,"32":0,"33":0,"34":0,"35":1,"36":1,"37":0,"38":0},"f":{"0":1,"1":1,"2":0,"3":0,"4":1,"5":1,"6":0,"7":0,"8":0,"9":0,"10":0,"11":0,"12":0,"13":0},"b":{"0":[0,1],"1":[0,1],"2":[0,0],"3":[0,0],"4":[1,0],"5":[0,0]},"_coverageSchema":"1a1c01bbd47fc00a2c39e90264f33305004495a9","hash":"2ee299f9cfcfb1071dff4595d727e98d1bcbb563"}
,"/Users/jake/Desktop/FEC/Project-Catwalk/tests/msw/handlers.js": {"path":"/Users/jake/Desktop/FEC/Project-Catwalk/tests/msw/handlers.js","statementMap":{"0":{"start":{"line":4,"column":20},"end":{"line":37,"column":1}},"1":{"start":{"line":39,"column":20},"end":{"line":56,"column":1}},"2":{"start":{"line":58,"column":21},"end":{"line":83,"column":1}},"3":{"start":{"line":85,"column":19},"end":{"line":91,"column":1}},"4":{"start":{"line":93,"column":17},"end":{"line":125,"column":1}},"5":{"start":{"line":96,"column":4},"end":{"line":99,"column":6}},"6":{"start":{"line":102,"column":18},"end":{"line":102,"column":38}},"7":{"start":{"line":103,"column":23},"end":{"line":103,"column":46}},"8":{"start":{"line":104,"column":4},"end":{"line":107,"column":6}},"9":{"start":{"line":110,"column":18},"end":{"line":110,"column":38}},"10":{"start":{"line":111,"column":23},"end":{"line":111,"column":46}},"11":{"start":{"line":112,"column":4},"end":{"line":115,"column":6}},"12":{"start":{"line":118,"column":18},"end":{"line":118,"column":38}},"13":{"start":{"line":119,"column":23},"end":{"line":119,"column":46}},"14":{"start":{"line":120,"column":4},"end":{"line":123,"column":6}}},"fnMap":{"0":{"name":"(anonymous_0)","decl":{"start":{"line":95,"column":36},"end":{"line":95,"column":37}},"loc":{"start":{"line":95,"column":55},"end":{"line":100,"column":3}},"line":95},"1":{"name":"(anonymous_1)","decl":{"start":{"line":101,"column":32},"end":{"line":101,"column":33}},"loc":{"start":{"line":101,"column":51},"end":{"line":108,"column":3}},"line":101},"2":{"name":"(anonymous_2)","decl":{"start":{"line":109,"column":28},"end":{"line":109,"column":29}},"loc":{"start":{"line":109,"column":47},"end":{"line":116,"column":3}},"line":109},"3":{"name":"(anonymous_3)","decl":{"start":{"line":117,"column":41},"end":{"line":117,"column":42}},"loc":{"start":{"line":117,"column":60},"end":{"line":124,"column":3}},"line":117}},"branchMap":{},"s":{"0":4,"1":4,"2":4,"3":4,"4":4,"5":3,"6":0,"7":0,"8":0,"9":1,"10":1,"11":1,"12":3,"13":3,"14":3},"f":{"0":3,"1":0,"2":1,"3":3},"b":{},"_coverageSchema":"1a1c01bbd47fc00a2c39e90264f33305004495a9","hash":"6f2f8b345cd8daa1e0c387400ce0936e22205ea6"}
}
