TN:
SF:config.js
FNF:0
FNH:0
DA:1,1
LF:1
LH:1
BRF:0
BRH:0
end_of_record
TN:
SF:firebase.js
FNF:0
FNH:0
DA:4,1
DA:13,1
LF:2
LH:2
BRF:0
BRH:0
end_of_record
TN:
SF:react-client/src/components/App.jsx
FN:14,App
FN:20,(anonymous_1)
FN:24,(anonymous_2)
FN:30,(anonymous_3)
FN:48,(anonymous_4)
FN:50,(anonymous_5)
FN:53,(anonymous_6)
FN:56,(anonymous_7)
FN:59,(anonymous_8)
FN:62,(anonymous_9)
FN:63,(anonymous_10)
FN:68,(anonymous_11)
FN:71,(anonymous_12)
FN:74,(anonymous_13)
FN:93,(anonymous_14)
FN:96,(anonymous_15)
FNF:16
FNH:5
FNDA:2,App
FNDA:1,(anonymous_1)
FNDA:1,(anonymous_2)
FNDA:0,(anonymous_3)
FNDA:0,(anonymous_4)
FNDA:0,(anonymous_5)
FNDA:0,(anonymous_6)
FNDA:1,(anonymous_7)
FNDA:0,(anonymous_8)
FNDA:0,(anonymous_9)
FNDA:0,(anonymous_10)
FNDA:0,(anonymous_11)
FNDA:0,(anonymous_12)
FNDA:0,(anonymous_13)
FNDA:0,(anonymous_14)
FNDA:1,(anonymous_15)
DA:15,2
DA:16,1
DA:17,1
DA:18,1
DA:20,1
DA:21,1
DA:24,1
DA:25,1
DA:26,0
DA:30,1
DA:31,0
DA:32,0
DA:33,0
DA:35,0
DA:36,0
DA:37,0
DA:38,0
DA:39,0
DA:40,0
DA:41,0
DA:43,0
DA:44,0
DA:45,0
DA:48,1
DA:49,0
DA:51,0
DA:53,0
DA:56,1
DA:57,1
DA:58,1
DA:60,0
DA:62,0
DA:64,0
DA:68,1
DA:69,0
DA:70,0
DA:72,0
DA:75,0
DA:79,1
DA:86,1
DA:93,0
DA:97,1
LF:42
LH:17
BRDA:25,0,0,0
BRDA:25,0,1,1
BRDA:32,1,0,0
BRDA:32,1,1,0
BRDA:81,2,0,0
BRDA:81,2,1,1
BRF:6
BRH:2
end_of_record
TN:
SF:react-client/src/components/ClickTracker.jsx
FN:5,(anonymous_0)
FN:9,(anonymous_1)
FN:15,(anonymous_2)
FN:16,(anonymous_3)
FN:20,(anonymous_4)
FNF:5
FNH:2
FNDA:2,(anonymous_0)
FNDA:0,(anonymous_1)
FNDA:0,(anonymous_2)
FNDA:0,(anonymous_3)
FNDA:1,(anonymous_4)
DA:6,2
DA:7,1
DA:10,0
DA:15,0
DA:16,0
DA:17,0
DA:21,1
LF:7
LH:3
BRF:0
BRH:0
end_of_record
TN:
SF:react-client/src/components/Questions-Answers/AnswerModals.jsx
FN:6,(anonymous_0)
FN:15,(anonymous_1)
FN:19,(anonymous_2)
FN:34,(anonymous_3)
FN:35,(anonymous_4)
FN:36,(anonymous_5)
FN:39,uploadImageAsPromise
FN:40,(anonymous_7)
FN:45,(anonymous_8)
FN:57,(anonymous_9)
FN:67,(anonymous_10)
FN:69,(anonymous_11)
FN:79,(anonymous_12)
FN:80,(anonymous_13)
FN:81,(anonymous_14)
FN:89,(anonymous_15)
FN:93,(anonymous_16)
FN:107,(anonymous_17)
FN:111,(anonymous_18)
FN:119,(anonymous_19)
FN:125,(anonymous_20)
FN:129,(anonymous_21)
FN:143,(anonymous_22)
FN:162,(anonymous_23)
FN:169,(anonymous_24)
FN:179,(anonymous_25)
FN:188,(anonymous_26)
FNF:27
FNH:0
FNDA:0,(anonymous_0)
FNDA:0,(anonymous_1)
FNDA:0,(anonymous_2)
FNDA:0,(anonymous_3)
FNDA:0,(anonymous_4)
FNDA:0,(anonymous_5)
FNDA:0,uploadImageAsPromise
FNDA:0,(anonymous_7)
FNDA:0,(anonymous_8)
FNDA:0,(anonymous_9)
FNDA:0,(anonymous_10)
FNDA:0,(anonymous_11)
FNDA:0,(anonymous_12)
FNDA:0,(anonymous_13)
FNDA:0,(anonymous_14)
FNDA:0,(anonymous_15)
FNDA:0,(anonymous_16)
FNDA:0,(anonymous_17)
FNDA:0,(anonymous_18)
FNDA:0,(anonymous_19)
FNDA:0,(anonymous_20)
FNDA:0,(anonymous_21)
FNDA:0,(anonymous_22)
FNDA:0,(anonymous_23)
FNDA:0,(anonymous_24)
FNDA:0,(anonymous_25)
FNDA:0,(anonymous_26)
DA:6,1
DA:7,0
DA:8,0
DA:9,0
DA:10,0
DA:11,0
DA:12,0
DA:13,0
DA:15,0
DA:16,0
DA:19,0
DA:20,0
DA:21,0
DA:22,0
DA:23,0
DA:24,0
DA:25,0
DA:28,0
DA:34,0
DA:35,0
DA:36,0
DA:40,0
DA:41,0
DA:42,0
DA:44,0
DA:46,0
DA:47,0
DA:48,0
DA:50,0
DA:51,0
DA:53,0
DA:54,0
DA:58,0
DA:60,0
DA:62,0
DA:64,0
DA:69,0
DA:70,0
DA:71,0
DA:72,0
DA:73,0
DA:79,0
DA:80,0
DA:81,0
DA:89,0
DA:90,0
DA:91,0
DA:93,0
DA:94,0
DA:95,0
DA:96,0
DA:97,0
DA:98,0
DA:99,0
DA:101,0
DA:102,0
DA:103,0
DA:104,0
DA:107,0
DA:108,0
DA:109,0
DA:111,0
DA:115,0
DA:119,0
DA:125,0
DA:126,0
DA:127,0
DA:128,0
DA:129,0
DA:130,0
DA:131,0
DA:133,0
DA:136,0
DA:143,0
DA:162,0
DA:169,0
DA:179,0
DA:188,0
LF:78
LH:1
BRDA:22,0,0,0
BRDA:22,0,1,0
BRDA:48,1,0,0
BRDA:48,1,1,0
BRDA:58,2,0,0
BRDA:58,2,1,0
BRDA:58,2,2,0
BRDA:72,3,0,0
BRDA:72,3,1,0
BRDA:96,4,0,0
BRDA:96,4,1,0
BRDA:97,5,0,0
BRDA:97,5,1,0
BRDA:97,6,0,0
BRDA:97,6,1,0
BRDA:98,7,0,0
BRDA:98,7,1,0
BRDA:98,8,0,0
BRDA:98,8,1,0
BRDA:99,9,0,0
BRDA:99,9,1,0
BRDA:99,10,0,0
BRDA:99,10,1,0
BRDA:101,11,0,0
BRDA:101,11,1,0
BRDA:108,12,0,0
BRDA:108,12,1,0
BRDA:133,13,0,0
BRDA:133,13,1,0
BRF:29
BRH:0
end_of_record
TN:
SF:react-client/src/components/Questions-Answers/AnswerPicture.jsx
FN:4,(anonymous_0)
FN:8,(anonymous_1)
FN:13,(anonymous_2)
FN:18,(anonymous_3)
FN:26,(anonymous_4)
FN:28,(anonymous_5)
FN:33,(anonymous_6)
FNF:7
FNH:0
FNDA:0,(anonymous_0)
FNDA:0,(anonymous_1)
FNDA:0,(anonymous_2)
FNDA:0,(anonymous_3)
FNDA:0,(anonymous_4)
FNDA:0,(anonymous_5)
FNDA:0,(anonymous_6)
DA:4,1
DA:5,0
DA:6,0
DA:8,0
DA:9,0
DA:10,0
DA:13,0
DA:15,0
DA:19,0
DA:26,0
DA:28,0
DA:33,0
LF:12
LH:1
BRDA:17,0,0,0
BRDA:17,0,1,0
BRF:2
BRH:0
end_of_record
TN:
SF:react-client/src/components/Questions-Answers/Answers.jsx
FN:8,(anonymous_0)
FN:14,(anonymous_1)
FN:18,(anonymous_2)
FN:21,(anonymous_3)
FN:24,(anonymous_4)
FN:26,(anonymous_5)
FN:28,(anonymous_6)
FN:30,(anonymous_7)
FN:31,(anonymous_8)
FN:34,(anonymous_9)
FN:37,(anonymous_10)
FN:38,(anonymous_11)
FN:41,(anonymous_12)
FN:53,(anonymous_13)
FN:56,(anonymous_14)
FN:60,(anonymous_15)
FN:62,(anonymous_16)
FN:73,(anonymous_17)
FN:76,(anonymous_18)
FN:80,(anonymous_19)
FN:83,(anonymous_20)
FNF:21
FNH:0
FNDA:0,(anonymous_0)
FNDA:0,(anonymous_1)
FNDA:0,(anonymous_2)
FNDA:0,(anonymous_3)
FNDA:0,(anonymous_4)
FNDA:0,(anonymous_5)
FNDA:0,(anonymous_6)
FNDA:0,(anonymous_7)
FNDA:0,(anonymous_8)
FNDA:0,(anonymous_9)
FNDA:0,(anonymous_10)
FNDA:0,(anonymous_11)
FNDA:0,(anonymous_12)
FNDA:0,(anonymous_13)
FNDA:0,(anonymous_14)
FNDA:0,(anonymous_15)
FNDA:0,(anonymous_16)
FNDA:0,(anonymous_17)
FNDA:0,(anonymous_18)
FNDA:0,(anonymous_19)
FNDA:0,(anonymous_20)
DA:8,1
DA:9,0
DA:10,0
DA:11,0
DA:12,0
DA:14,0
DA:15,0
DA:18,0
DA:19,0
DA:20,0
DA:22,0
DA:24,0
DA:26,0
DA:27,0
DA:28,0
DA:29,0
DA:30,0
DA:31,0
DA:34,0
DA:35,0
DA:36,0
DA:37,0
DA:38,0
DA:41,0
DA:42,0
DA:43,0
DA:53,0
DA:56,0
DA:60,0
DA:62,0
DA:69,0
DA:74,0
DA:76,0
DA:81,0
DA:83,0
LF:35
LH:1
BRDA:27,0,0,0
BRDA:27,0,1,0
BRDA:50,1,0,0
BRDA:50,1,1,0
BRDA:53,2,0,0
BRDA:53,2,1,0
BRDA:60,3,0,0
BRDA:60,3,1,0
BRDA:71,4,0,0
BRDA:71,4,1,0
BRDA:76,5,0,0
BRDA:76,5,1,0
BRDA:83,6,0,0
BRDA:83,6,1,0
BRF:14
BRH:0
end_of_record
TN:
SF:react-client/src/components/Questions-Answers/QA.jsx
FN:7,(anonymous_0)
FNF:1
FNH:1
FNDA:1,(anonymous_0)
DA:7,1
DA:9,1
LF:2
LH:2
BRF:0
BRH:0
end_of_record
TN:
SF:react-client/src/components/Questions-Answers/QuestionModals.jsx
FN:7,(anonymous_0)
FN:13,(anonymous_1)
FN:16,(anonymous_2)
FN:24,(anonymous_3)
FN:25,(anonymous_4)
FN:26,(anonymous_5)
FN:29,(anonymous_6)
FN:33,(anonymous_7)
FN:54,(anonymous_8)
FN:66,(anonymous_9)
FN:73,(anonymous_10)
FN:83,(anonymous_11)
FN:91,(anonymous_12)
FNF:13
FNH:2
FNDA:1,(anonymous_0)
FNDA:1,(anonymous_1)
FNDA:0,(anonymous_2)
FNDA:0,(anonymous_3)
FNDA:0,(anonymous_4)
FNDA:0,(anonymous_5)
FNDA:0,(anonymous_6)
FNDA:0,(anonymous_7)
FNDA:0,(anonymous_8)
FNDA:0,(anonymous_9)
FNDA:0,(anonymous_10)
FNDA:0,(anonymous_11)
FNDA:0,(anonymous_12)
DA:7,1
DA:8,1
DA:9,1
DA:10,1
DA:11,1
DA:13,1
DA:16,1
DA:17,0
DA:18,0
DA:24,0
DA:25,0
DA:26,0
DA:29,1
DA:30,0
DA:31,0
DA:33,1
DA:34,0
DA:35,0
DA:36,0
DA:37,0
DA:38,0
DA:39,0
DA:40,0
DA:42,0
DA:43,0
DA:44,0
DA:47,1
DA:54,0
DA:66,0
DA:73,0
DA:83,0
DA:91,0
LF:32
LH:10
BRDA:36,0,0,0
BRDA:36,0,1,0
BRDA:37,1,0,0
BRDA:37,1,1,0
BRDA:37,2,0,0
BRDA:37,2,1,0
BRDA:38,3,0,0
BRDA:38,3,1,0
BRDA:39,4,0,0
BRDA:39,4,1,0
BRDA:40,5,0,0
BRDA:40,5,1,0
BRDA:40,6,0,0
BRDA:40,6,1,0
BRDA:42,7,0,0
BRDA:42,7,1,0
BRF:16
BRH:0
end_of_record
TN:
SF:react-client/src/components/Questions-Answers/Questions.jsx
FN:13,(anonymous_0)
FN:21,(anonymous_1)
FN:25,(anonymous_2)
FN:29,(anonymous_3)
FN:35,(anonymous_4)
FN:37,(anonymous_5)
FN:39,(anonymous_6)
FN:40,(anonymous_7)
FN:43,(anonymous_8)
FN:46,(anonymous_9)
FN:47,(anonymous_10)
FN:50,(anonymous_11)
FN:59,(anonymous_12)
FN:86,(anonymous_13)
FN:92,(anonymous_14)
FN:97,(anonymous_15)
FN:104,(anonymous_16)
FN:110,(anonymous_17)
FN:114,(anonymous_18)
FN:124,(anonymous_19)
FN:128,(anonymous_20)
FNF:21
FNH:3
FNDA:1,(anonymous_0)
FNDA:1,(anonymous_1)
FNDA:1,(anonymous_2)
FNDA:0,(anonymous_3)
FNDA:0,(anonymous_4)
FNDA:0,(anonymous_5)
FNDA:0,(anonymous_6)
FNDA:0,(anonymous_7)
FNDA:0,(anonymous_8)
FNDA:0,(anonymous_9)
FNDA:0,(anonymous_10)
FNDA:0,(anonymous_11)
FNDA:0,(anonymous_12)
FNDA:0,(anonymous_13)
FNDA:0,(anonymous_14)
FNDA:0,(anonymous_15)
FNDA:0,(anonymous_16)
FNDA:0,(anonymous_17)
FNDA:0,(anonymous_18)
FNDA:0,(anonymous_19)
FNDA:0,(anonymous_20)
DA:13,1
DA:14,1
DA:15,1
DA:16,1
DA:17,1
DA:18,1
DA:19,1
DA:21,1
DA:22,1
DA:25,1
DA:26,1
DA:27,0
DA:28,0
DA:30,0
DA:35,1
DA:36,0
DA:37,0
DA:38,0
DA:39,0
DA:40,0
DA:43,1
DA:44,0
DA:45,0
DA:46,0
DA:47,0
DA:50,1
DA:51,0
DA:52,0
DA:59,0
DA:86,0
DA:92,1
DA:93,0
DA:94,0
DA:97,1
DA:98,0
DA:99,0
DA:100,0
DA:104,1
DA:105,0
DA:106,0
DA:110,0
DA:114,0
DA:122,0
DA:124,0
DA:128,0
DA:135,1
LF:46
LH:18
BRDA:26,0,0,0
BRDA:26,0,1,1
BRDA:56,1,0,0
BRDA:56,1,1,0
BRDA:57,2,0,0
BRDA:57,2,1,0
BRDA:99,3,0,0
BRDA:99,3,1,0
BRDA:99,4,0,0
BRDA:99,4,1,0
BRDA:105,5,0,0
BRDA:105,5,1,0
BRDA:107,6,0,0
BRDA:107,6,1,0
BRDA:111,7,0,0
BRDA:111,7,1,0
BRDA:123,8,0,0
BRDA:123,8,1,0
BRDA:125,9,0,0
BRDA:125,9,1,0
BRDA:137,10,0,0
BRDA:137,10,1,1
BRF:22
BRH:2
end_of_record
TN:
SF:react-client/src/components/Questions-Answers/SearchBar.jsx
FN:4,(anonymous_0)
FN:8,(anonymous_1)
FN:13,(anonymous_2)
FN:16,(anonymous_3)
FNF:4
FNH:0
FNDA:0,(anonymous_0)
FNDA:0,(anonymous_1)
FNDA:0,(anonymous_2)
FNDA:0,(anonymous_3)
DA:4,1
DA:5,0
DA:6,0
DA:8,0
DA:9,0
DA:10,0
DA:13,0
DA:14,0
DA:15,0
DA:16,0
DA:17,0
DA:19,0
DA:23,0
LF:13
LH:1
BRDA:15,0,0,0
BRDA:15,0,1,0
BRF:2
BRH:0
end_of_record
TN:
SF:react-client/src/components/Reviews/PostReviewForm.jsx
FN:7,(anonymous_0)
FN:23,(anonymous_1)
FN:30,(anonymous_2)
FN:35,(anonymous_3)
FN:39,(anonymous_4)
FN:69,(anonymous_5)
FN:76,(anonymous_6)
FN:84,(anonymous_7)
FN:89,(anonymous_8)
FN:97,(anonymous_9)
FN:114,(anonymous_10)
FN:119,(anonymous_11)
FN:124,(anonymous_12)
FN:132,(anonymous_13)
FN:204,(anonymous_14)
FN:205,(anonymous_15)
FN:214,(anonymous_16)
FN:224,(anonymous_17)
FN:225,(anonymous_18)
FN:226,(anonymous_19)
FN:236,(anonymous_20)
FN:242,(anonymous_21)
FN:255,(anonymous_22)
FN:264,(anonymous_23)
FN:272,(anonymous_24)
FN:281,(anonymous_25)
FNF:26
FNH:0
FNDA:0,(anonymous_0)
FNDA:0,(anonymous_1)
FNDA:0,(anonymous_2)
FNDA:0,(anonymous_3)
FNDA:0,(anonymous_4)
FNDA:0,(anonymous_5)
FNDA:0,(anonymous_6)
FNDA:0,(anonymous_7)
FNDA:0,(anonymous_8)
FNDA:0,(anonymous_9)
FNDA:0,(anonymous_10)
FNDA:0,(anonymous_11)
FNDA:0,(anonymous_12)
FNDA:0,(anonymous_13)
FNDA:0,(anonymous_14)
FNDA:0,(anonymous_15)
FNDA:0,(anonymous_16)
FNDA:0,(anonymous_17)
FNDA:0,(anonymous_18)
FNDA:0,(anonymous_19)
FNDA:0,(anonymous_20)
FNDA:0,(anonymous_21)
FNDA:0,(anonymous_22)
FNDA:0,(anonymous_23)
FNDA:0,(anonymous_24)
FNDA:0,(anonymous_25)
DA:7,1
DA:8,0
DA:9,0
DA:10,0
DA:11,0
DA:12,0
DA:13,0
DA:14,0
DA:15,0
DA:16,0
DA:17,0
DA:18,0
DA:19,0
DA:20,0
DA:21,0
DA:23,0
DA:24,0
DA:25,0
DA:26,0
DA:29,0
DA:30,0
DA:31,0
DA:32,0
DA:35,0
DA:36,0
DA:37,0
DA:39,0
DA:40,0
DA:41,0
DA:45,0
DA:46,0
DA:47,0
DA:54,0
DA:57,0
DA:69,0
DA:70,0
DA:71,0
DA:72,0
DA:74,0
DA:76,0
DA:77,0
DA:78,0
DA:79,0
DA:81,0
DA:84,0
DA:85,0
DA:86,0
DA:89,0
DA:90,0
DA:91,0
DA:93,0
DA:97,0
DA:98,0
DA:99,0
DA:100,0
DA:101,0
DA:102,0
DA:103,0
DA:104,0
DA:105,0
DA:106,0
DA:107,0
DA:108,0
DA:109,0
DA:110,0
DA:112,0
DA:113,0
DA:115,0
DA:116,0
DA:117,0
DA:120,0
DA:124,0
DA:125,0
DA:126,0
DA:127,0
DA:128,0
DA:129,0
DA:130,0
DA:131,0
DA:132,0
DA:133,0
DA:134,0
DA:135,0
DA:137,0
DA:138,0
DA:139,0
DA:141,0
DA:142,0
DA:143,0
DA:145,0
DA:146,0
DA:147,0
DA:149,0
DA:150,0
DA:151,0
DA:153,0
DA:154,0
DA:155,0
DA:157,0
DA:161,0
DA:163,0
DA:204,0
DA:206,0
DA:214,0
DA:225,0
DA:227,0
DA:236,0
DA:242,0
DA:255,0
DA:264,0
DA:273,0
DA:274,0
DA:282,0
DA:283,0
LF:114
LH:1
BRDA:45,0,0,0
BRDA:45,0,1,0
BRDA:70,1,0,0
BRDA:70,1,1,0
BRDA:70,2,0,0
BRDA:70,2,1,0
BRDA:77,3,0,0
BRDA:77,3,1,0
BRDA:77,4,0,0
BRDA:77,4,1,0
BRDA:90,5,0,0
BRDA:90,5,1,0
BRDA:99,6,0,0
BRDA:99,6,1,0
BRDA:101,7,0,0
BRDA:101,7,1,0
BRDA:103,8,0,0
BRDA:103,8,1,0
BRDA:105,9,0,0
BRDA:105,9,1,0
BRDA:107,10,0,0
BRDA:107,10,1,0
BRDA:109,11,0,0
BRDA:109,11,1,0
BRDA:133,12,0,0
BRDA:133,12,1,0
BRDA:137,13,0,0
BRDA:137,13,1,0
BRDA:141,14,0,0
BRDA:141,14,1,0
BRDA:145,15,0,0
BRDA:145,15,1,0
BRDA:149,16,0,0
BRDA:149,16,1,0
BRDA:153,17,0,0
BRDA:153,17,1,0
BRF:36
BRH:0
end_of_record
TN:
SF:react-client/src/components/Reviews/ReviewImageElement.jsx
FN:4,(anonymous_0)
FN:6,(anonymous_1)
FNF:2
FNH:0
FNDA:0,(anonymous_0)
FNDA:0,(anonymous_1)
DA:4,1
DA:5,0
DA:6,0
DA:7,0
DA:9,0
LF:5
LH:1
BRF:0
BRH:0
end_of_record
TN:
SF:react-client/src/components/Reviews/ReviewPhotos.jsx
FN:4,(anonymous_0)
FN:6,(anonymous_1)
FNF:2
FNH:0
FNDA:0,(anonymous_0)
FNDA:0,(anonymous_1)
DA:4,1
DA:5,0
DA:7,0
LF:3
LH:1
BRF:0
BRH:0
end_of_record
TN:
SF:react-client/src/components/Reviews/ReviewTile.jsx
FN:8,(anonymous_0)
FN:14,(anonymous_1)
FN:19,(anonymous_2)
FN:34,(anonymous_3)
FN:79,(anonymous_4)
FN:83,(anonymous_5)
FN:86,(anonymous_6)
FN:91,(anonymous_7)
FN:93,(anonymous_8)
FN:96,(anonymous_9)
FN:119,(anonymous_10)
FNF:11
FNH:0
FNDA:0,(anonymous_0)
FNDA:0,(anonymous_1)
FNDA:0,(anonymous_2)
FNDA:0,(anonymous_3)
FNDA:0,(anonymous_4)
FNDA:0,(anonymous_5)
FNDA:0,(anonymous_6)
FNDA:0,(anonymous_7)
FNDA:0,(anonymous_8)
FNDA:0,(anonymous_9)
FNDA:0,(anonymous_10)
DA:8,1
DA:9,0
DA:10,0
DA:11,0
DA:12,0
DA:14,0
DA:15,0
DA:16,0
DA:19,0
DA:20,0
DA:21,0
DA:23,0
DA:28,0
DA:29,0
DA:31,0
DA:34,0
DA:41,0
DA:42,0
DA:43,0
DA:44,0
DA:46,0
DA:47,0
DA:49,0
DA:52,0
DA:53,0
DA:64,0
DA:67,0
DA:79,0
DA:80,0
DA:81,0
DA:82,0
DA:84,0
DA:86,0
DA:87,0
DA:91,0
DA:92,0
DA:94,0
DA:96,0
DA:99,0
DA:119,0
LF:40
LH:1
BRDA:15,0,0,0
BRDA:15,0,1,0
BRDA:20,1,0,0
BRDA:20,1,1,0
BRDA:28,2,0,0
BRDA:28,2,1,0
BRDA:46,3,0,0
BRDA:46,3,1,0
BRDA:52,4,0,0
BRDA:52,4,1,0
BRDA:80,5,0,0
BRDA:80,5,1,0
BRDA:109,6,0,0
BRDA:109,6,1,0
BRDA:116,7,0,0
BRDA:116,7,1,0
BRF:16
BRH:0
end_of_record
TN:
SF:react-client/src/components/Reviews/Reviews.jsx
FN:11,(anonymous_0)
FN:23,(anonymous_1)
FN:28,(anonymous_2)
FN:32,(anonymous_3)
FN:39,(anonymous_4)
FN:41,(anonymous_5)
FN:47,(anonymous_6)
FN:48,(anonymous_7)
FN:52,(anonymous_8)
FN:54,(anonymous_9)
FN:62,(anonymous_10)
FN:70,(anonymous_11)
FN:72,(anonymous_12)
FN:83,(anonymous_13)
FN:87,(anonymous_14)
FN:91,(anonymous_15)
FN:94,(anonymous_16)
FN:99,(anonymous_17)
FN:102,(anonymous_18)
FN:116,(anonymous_19)
FN:119,(anonymous_20)
FN:136,(anonymous_21)
FN:143,(anonymous_22)
FN:149,(anonymous_23)
FN:158,(anonymous_24)
FN:172,(anonymous_25)
FN:177,(anonymous_26)
FNF:27
FNH:6
FNDA:1,(anonymous_0)
FNDA:1,(anonymous_1)
FNDA:1,(anonymous_2)
FNDA:1,(anonymous_3)
FNDA:0,(anonymous_4)
FNDA:0,(anonymous_5)
FNDA:0,(anonymous_6)
FNDA:0,(anonymous_7)
FNDA:0,(anonymous_8)
FNDA:0,(anonymous_9)
FNDA:0,(anonymous_10)
FNDA:0,(anonymous_11)
FNDA:0,(anonymous_12)
FNDA:0,(anonymous_13)
FNDA:0,(anonymous_14)
FNDA:0,(anonymous_15)
FNDA:0,(anonymous_16)
FNDA:0,(anonymous_17)
FNDA:1,(anonymous_18)
FNDA:0,(anonymous_19)
FNDA:0,(anonymous_20)
FNDA:0,(anonymous_21)
FNDA:0,(anonymous_22)
FNDA:1,(anonymous_23)
FNDA:0,(anonymous_24)
FNDA:0,(anonymous_25)
FNDA:0,(anonymous_26)
DA:11,1
DA:12,1
DA:13,1
DA:14,1
DA:15,1
DA:16,1
DA:17,1
DA:18,1
DA:19,1
DA:20,1
DA:21,1
DA:23,1
DA:24,1
DA:25,0
DA:28,1
DA:29,1
DA:32,1
DA:33,1
DA:34,1
DA:35,0
DA:39,1
DA:40,0
DA:41,0
DA:42,0
DA:44,0
DA:47,1
DA:48,0
DA:49,0
DA:50,0
DA:52,1
DA:53,0
DA:54,0
DA:55,0
DA:56,0
DA:59,0
DA:62,1
DA:63,0
DA:64,0
DA:66,0
DA:70,1
DA:71,0
DA:72,0
DA:73,0
DA:74,0
DA:77,0
DA:78,0
DA:80,0
DA:83,1
DA:84,0
DA:87,1
DA:88,0
DA:91,1
DA:92,0
DA:93,0
DA:95,0
DA:96,0
DA:97,0
DA:99,0
DA:102,1
DA:103,1
DA:104,0
DA:105,0
DA:108,1
DA:109,0
DA:111,1
DA:112,0
DA:116,1
DA:117,0
DA:118,0
DA:119,0
DA:120,0
DA:121,0
DA:124,0
DA:128,1
DA:129,0
DA:131,1
DA:135,1
DA:136,1
DA:137,0
DA:138,0
DA:140,1
DA:142,0
DA:143,0
DA:144,0
DA:145,0
DA:149,1
DA:150,1
DA:151,0
DA:153,1
DA:154,1
DA:158,1
DA:159,0
DA:163,1
DA:164,1
DA:166,0
DA:170,1
DA:171,0
DA:172,0
DA:173,0
DA:174,0
DA:175,0
DA:177,0
DA:181,1
DA:184,1
LF:104
LH:46
BRDA:24,0,0,0
BRDA:24,0,1,1
BRDA:34,1,0,0
BRDA:34,1,1,1
BRDA:55,2,0,0
BRDA:55,2,1,0
BRDA:63,3,0,0
BRDA:63,3,1,0
BRDA:73,4,0,0
BRDA:73,4,1,0
BRDA:77,5,0,0
BRDA:77,5,1,0
BRDA:103,6,0,0
BRDA:103,6,1,1
BRDA:103,7,0,1
BRDA:103,7,1,0
BRDA:108,8,0,0
BRDA:108,8,1,1
BRDA:111,9,0,0
BRDA:111,9,1,1
BRDA:120,10,0,0
BRDA:120,10,1,0
BRDA:120,11,0,0
BRDA:120,11,1,0
BRDA:128,12,0,0
BRDA:128,12,1,1
BRDA:135,13,0,1
BRDA:135,13,1,0
BRDA:150,14,0,0
BRDA:150,14,1,1
BRDA:153,15,0,1
BRDA:153,15,1,0
BRDA:163,16,0,1
BRDA:163,16,1,0
BRDA:170,17,0,0
BRDA:170,17,1,1
BRDA:205,18,0,0
BRDA:205,18,1,1
BRDA:205,19,0,1
BRDA:205,19,1,1
BRF:40
BRH:15
end_of_record
TN:
SF:react-client/src/components/Reviews/ReviewsList.jsx
FN:4,(anonymous_0)
FN:10,(anonymous_1)
FNF:2
FNH:1
FNDA:1,(anonymous_0)
FNDA:0,(anonymous_1)
DA:4,1
DA:5,1
DA:6,0
DA:8,1
DA:11,0
LF:5
LH:3
BRDA:5,0,0,0
BRDA:5,0,1,1
BRF:2
BRH:1
end_of_record
TN:
SF:react-client/src/components/Reviews/ReviewsTest.jsx
FN:4,(anonymous_0)
FN:6,(anonymous_1)
FN:17,(anonymous_2)
FN:19,(anonymous_3)
FN:22,(anonymous_4)
FNF:5
FNH:4
FNDA:2,(anonymous_0)
FNDA:1,(anonymous_1)
FNDA:1,(anonymous_2)
FNDA:1,(anonymous_3)
FNDA:0,(anonymous_4)
DA:4,1
DA:5,2
DA:6,2
DA:7,1
DA:11,2
DA:12,1
DA:14,1
DA:17,2
DA:18,1
DA:20,1
DA:22,0
DA:25,2
LF:12
LH:11
BRDA:11,0,0,1
BRDA:11,0,1,1
BRF:2
BRH:2
end_of_record
TN:
SF:react-client/src/components/Reviews/Search.jsx
FN:3,(anonymous_0)
FN:4,(anonymous_1)
FNF:2
FNH:1
FNDA:1,(anonymous_0)
FNDA:0,(anonymous_1)
DA:3,1
DA:4,1
DA:5,0
DA:8,1
LF:4
LH:3
BRF:0
BRH:0
end_of_record
TN:
SF:react-client/src/components/Reviews/SortForm.jsx
FN:3,(anonymous_0)
FN:5,(anonymous_1)
FNF:2
FNH:2
FNDA:1,(anonymous_0)
FNDA:3,(anonymous_1)
DA:3,1
DA:4,1
DA:6,3
LF:3
LH:3
BRF:0
BRH:0
end_of_record
TN:
SF:react-client/src/components/Reviews/Ratings/Ratings.jsx
FN:8,(anonymous_0)
FN:11,(anonymous_1)
FN:18,(anonymous_2)
FN:33,(anonymous_3)
FNF:4
FNH:2
FNDA:1,(anonymous_0)
FNDA:1,(anonymous_1)
FNDA:0,(anonymous_2)
FNDA:0,(anonymous_3)
DA:8,1
DA:9,1
DA:10,1
DA:11,1
DA:12,1
DA:13,0
DA:14,0
DA:18,1
DA:19,0
DA:20,0
DA:21,0
DA:22,0
DA:23,0
DA:26,0
DA:27,0
DA:28,0
DA:30,0
DA:33,1
DA:34,0
DA:35,0
DA:37,0
DA:38,0
DA:39,0
DA:40,0
DA:42,0
DA:43,0
DA:45,0
DA:46,0
DA:47,0
DA:48,0
DA:50,0
DA:54,1
LF:32
LH:8
BRDA:12,0,0,0
BRDA:12,0,1,1
BRDA:34,1,0,0
BRDA:34,1,1,0
BRDA:39,2,0,0
BRDA:39,2,1,0
BRDA:42,3,0,0
BRDA:42,3,1,0
BRDA:47,4,0,0
BRDA:47,4,1,0
BRF:10
BRH:1
end_of_record
TN:
SF:react-client/src/components/Reviews/Ratings/RatingsBreakdownElement.jsx
FN:3,(anonymous_0)
FN:5,(anonymous_1)
FNF:2
FNH:0
FNDA:0,(anonymous_0)
FNDA:0,(anonymous_1)
DA:3,1
DA:4,0
DA:5,0
LF:3
LH:1
BRF:0
BRH:0
end_of_record
TN:
SF:react-client/src/components/Reviews/Ratings/RatingsBreakdownList.jsx
FN:4,(anonymous_0)
FN:6,(anonymous_1)
FNF:2
FNH:1
FNDA:1,(anonymous_0)
FNDA:0,(anonymous_1)
DA:4,1
DA:5,1
DA:7,0
DA:8,0
LF:4
LH:2
BRDA:7,0,0,0
BRDA:7,0,1,0
BRF:2
BRH:0
end_of_record
TN:
SF:react-client/src/components/Reviews/Ratings/Stars.jsx
FN:3,(anonymous_0)
FNF:1
FNH:1
FNDA:1,(anonymous_0)
DA:3,1
DA:4,1
DA:5,1
LF:3
LH:3
BRF:0
BRH:0
end_of_record
TN:
SF:react-client/src/components/Reviews/Ratings/Characteristics/CharacteristicsElement.jsx
FN:3,(anonymous_0)
FNF:1
FNH:0
FNDA:0,(anonymous_0)
DA:3,1
DA:4,0
DA:5,0
DA:9,0
DA:10,0
DA:11,0
DA:12,0
DA:13,0
DA:14,0
DA:15,0
DA:16,0
DA:19,0
LF:12
LH:1
BRDA:4,0,0,0
BRDA:4,0,1,0
BRDA:9,1,0,0
BRDA:9,1,1,0
BRDA:9,2,0,0
BRDA:9,2,1,0
BRDA:13,3,0,0
BRDA:13,3,1,0
BRDA:13,4,0,0
BRDA:13,4,1,0
BRDA:13,4,2,0
BRDA:13,4,3,0
BRF:12
BRH:0
end_of_record
TN:
SF:react-client/src/components/Reviews/Ratings/Characteristics/CharacteristicsList.jsx
FN:4,(anonymous_0)
FN:6,(anonymous_1)
FNF:2
FNH:1
FNDA:1,(anonymous_0)
FNDA:0,(anonymous_1)
DA:4,1
DA:5,1
DA:7,0
LF:3
LH:2
BRF:0
BRH:0
end_of_record
TN:
SF:react-client/src/components/product-overview/AddToCart.jsx
FN:11,AddToCart
FN:27,getQtyOrEntireSKU
FN:43,(anonymous_2)
FN:71,(anonymous_3)
FN:87,(anonymous_4)
FN:92,(anonymous_5)
FN:107,(anonymous_6)
FN:114,(anonymous_7)
FN:120,(anonymous_8)
FN:125,(anonymous_9)
FN:132,(anonymous_10)
FN:137,(anonymous_11)
FN:147,(anonymous_12)
FN:155,(anonymous_13)
FN:168,(anonymous_14)
FN:179,(anonymous_15)
FN:183,(anonymous_16)
FN:191,(anonymous_17)
FN:202,(anonymous_18)
FN:215,(anonymous_19)
FN:226,(anonymous_20)
FN:230,(anonymous_21)
FN:238,(anonymous_22)
FN:253,(anonymous_23)
FN:264,(anonymous_24)
FNF:25
FNH:0
FNDA:0,AddToCart
FNDA:0,getQtyOrEntireSKU
FNDA:0,(anonymous_2)
FNDA:0,(anonymous_3)
FNDA:0,(anonymous_4)
FNDA:0,(anonymous_5)
FNDA:0,(anonymous_6)
FNDA:0,(anonymous_7)
FNDA:0,(anonymous_8)
FNDA:0,(anonymous_9)
FNDA:0,(anonymous_10)
FNDA:0,(anonymous_11)
FNDA:0,(anonymous_12)
FNDA:0,(anonymous_13)
FNDA:0,(anonymous_14)
FNDA:0,(anonymous_15)
FNDA:0,(anonymous_16)
FNDA:0,(anonymous_17)
FNDA:0,(anonymous_18)
FNDA:0,(anonymous_19)
FNDA:0,(anonymous_20)
FNDA:0,(anonymous_21)
FNDA:0,(anonymous_22)
FNDA:0,(anonymous_23)
FNDA:0,(anonymous_24)
DA:18,0
DA:19,0
DA:20,0
DA:21,0
DA:22,0
DA:23,0
DA:24,0
DA:25,0
DA:29,0
DA:30,0
DA:31,0
DA:33,0
DA:35,0
DA:40,0
DA:43,0
DA:44,0
DA:47,0
DA:48,0
DA:50,0
DA:51,0
DA:52,0
DA:53,0
DA:55,0
DA:57,0
DA:58,0
DA:59,0
DA:62,0
DA:63,0
DA:64,0
DA:68,0
DA:71,0
DA:72,0
DA:75,0
DA:76,0
DA:79,0
DA:80,0
DA:81,0
DA:84,0
DA:87,0
DA:88,0
DA:89,0
DA:92,0
DA:93,0
DA:94,0
DA:95,0
DA:96,0
DA:99,0
DA:108,0
DA:110,0
DA:114,0
DA:115,0
DA:116,0
DA:117,0
DA:120,0
DA:121,0
DA:122,0
DA:125,0
DA:126,0
DA:127,0
DA:128,0
DA:129,0
DA:132,0
DA:133,0
DA:134,0
DA:137,0
DA:138,0
DA:139,0
DA:141,0
DA:142,0
DA:146,0
DA:147,0
DA:155,0
DA:168,0
DA:179,0
DA:183,0
DA:191,0
DA:202,0
DA:215,0
DA:226,0
DA:230,0
DA:238,0
DA:253,0
DA:264,0
DA:276,1
DA:283,1
LF:85
LH:2
BRDA:27,0,0,0
BRDA:30,1,0,0
BRDA:30,1,1,0
BRDA:33,2,0,0
BRDA:33,2,1,0
BRDA:35,3,0,0
BRDA:35,3,1,0
BRDA:48,4,0,0
BRDA:48,4,1,0
BRDA:50,5,0,0
BRDA:50,5,1,0
BRDA:51,6,0,0
BRDA:51,6,1,0
BRDA:57,7,0,0
BRDA:57,7,1,0
BRDA:62,8,0,0
BRDA:62,8,1,0
BRDA:75,9,0,0
BRDA:75,9,1,0
BRDA:93,10,0,0
BRDA:93,10,1,0
BRDA:95,11,0,0
BRDA:95,11,1,0
BRDA:110,12,0,0
BRDA:110,12,1,0
BRDA:138,13,0,0
BRDA:138,13,1,0
BRDA:141,14,0,0
BRDA:141,14,1,0
BRDA:148,15,0,0
BRDA:148,15,1,0
BRDA:148,16,0,0
BRDA:148,16,1,0
BRDA:148,16,2,0
BRDA:155,17,0,0
BRDA:155,17,1,0
BRDA:194,18,0,0
BRDA:194,18,1,0
BRDA:194,19,0,0
BRDA:194,19,1,0
BRDA:195,20,0,0
BRDA:195,20,1,0
BRDA:197,21,0,0
BRDA:197,21,1,0
BRDA:202,22,0,0
BRDA:202,22,1,0
BRDA:241,23,0,0
BRDA:241,23,1,0
BRDA:241,24,0,0
BRDA:241,24,1,0
BRDA:242,25,0,0
BRDA:242,25,1,0
BRDA:248,26,0,0
BRDA:248,26,1,0
BRDA:252,27,0,0
BRDA:252,27,1,0
BRDA:263,28,0,0
BRDA:263,28,1,0
BRF:58
BRH:0
end_of_record
TN:
SF:react-client/src/components/product-overview/Banner.jsx
FN:3,Banner
FNF:1
FNH:1
FNDA:1,Banner
DA:4,1
LF:1
LH:1
BRF:0
BRH:0
end_of_record
TN:
SF:react-client/src/components/product-overview/ExpandedView.jsx
FN:11,ExpandedView
FN:22,(anonymous_1)
FN:24,(anonymous_2)
FN:29,(anonymous_3)
FN:36,(anonymous_4)
FN:45,(anonymous_5)
FN:52,(anonymous_6)
FN:64,(anonymous_7)
FN:74,(anonymous_8)
FNF:9
FNH:0
FNDA:0,ExpandedView
FNDA:0,(anonymous_1)
FNDA:0,(anonymous_2)
FNDA:0,(anonymous_3)
FNDA:0,(anonymous_4)
FNDA:0,(anonymous_5)
FNDA:0,(anonymous_6)
FNDA:0,(anonymous_7)
FNDA:0,(anonymous_8)
DA:20,0
DA:22,0
DA:23,0
DA:25,0
DA:29,0
DA:36,0
DA:37,0
DA:40,0
DA:45,0
DA:52,0
DA:64,0
DA:74,0
DA:85,1
DA:95,1
LF:14
LH:2
BRDA:30,0,0,0
BRDA:30,0,1,0
BRDA:50,1,0,0
BRDA:50,1,1,0
BRDA:55,2,0,0
BRDA:55,2,1,0
BRDA:57,3,0,0
BRDA:57,3,1,0
BRDA:62,4,0,0
BRDA:62,4,1,0
BRDA:72,5,0,0
BRDA:72,5,1,0
BRF:12
BRH:0
end_of_record
TN:
SF:react-client/src/components/product-overview/ImageGallery.jsx
FN:22,ImageGallery
FN:30,(anonymous_1)
FN:32,(anonymous_2)
FN:38,(anonymous_3)
FN:48,(anonymous_4)
FN:58,(anonymous_5)
FN:69,(anonymous_6)
FN:73,(anonymous_7)
FN:80,(anonymous_8)
FN:96,(anonymous_9)
FN:100,(anonymous_10)
FN:112,(anonymous_11)
FN:122,(anonymous_12)
FN:130,(anonymous_13)
FN:145,(anonymous_14)
FN:151,(anonymous_15)
FN:161,(anonymous_16)
FN:164,(anonymous_17)
FNF:18
FNH:1
FNDA:1,ImageGallery
FNDA:0,(anonymous_1)
FNDA:0,(anonymous_2)
FNDA:0,(anonymous_3)
FNDA:0,(anonymous_4)
FNDA:0,(anonymous_5)
FNDA:0,(anonymous_6)
FNDA:0,(anonymous_7)
FNDA:0,(anonymous_8)
FNDA:0,(anonymous_9)
FNDA:0,(anonymous_10)
FNDA:0,(anonymous_11)
FNDA:0,(anonymous_12)
FNDA:0,(anonymous_13)
FNDA:0,(anonymous_14)
FNDA:0,(anonymous_15)
FNDA:0,(anonymous_16)
FNDA:0,(anonymous_17)
DA:12,1
DA:26,1
DA:28,1
DA:30,1
DA:32,1
DA:33,0
DA:34,0
DA:35,0
DA:38,1
DA:39,0
DA:40,0
DA:43,0
DA:44,0
DA:48,1
DA:49,0
DA:50,0
DA:53,0
DA:54,0
DA:58,1
DA:59,0
DA:60,0
DA:62,0
DA:63,0
DA:64,0
DA:66,0
DA:69,1
DA:70,0
DA:71,0
DA:74,0
DA:81,0
DA:89,0
DA:96,0
DA:101,0
DA:113,0
DA:122,0
DA:130,1
DA:137,1
DA:145,0
DA:151,0
DA:161,0
DA:164,0
DA:175,1
DA:180,1
LF:43
LH:13
BRDA:30,0,0,0
BRDA:30,0,1,0
BRDA:40,1,0,0
BRDA:40,1,1,0
BRDA:50,2,0,0
BRDA:50,2,1,0
BRDA:59,3,0,0
BRDA:59,3,1,0
BRDA:63,4,0,0
BRDA:63,4,1,0
BRDA:70,5,0,0
BRDA:70,5,1,0
BRDA:83,6,0,0
BRDA:83,6,1,0
BRDA:94,7,0,0
BRDA:94,7,1,0
BRDA:103,8,0,0
BRDA:103,8,1,0
BRDA:104,9,0,0
BRDA:104,9,1,0
BRDA:120,10,0,0
BRDA:120,10,1,0
BRDA:139,11,0,0
BRDA:139,11,1,1
BRDA:145,12,0,0
BRDA:145,12,1,0
BRDA:161,13,0,0
BRDA:161,13,1,0
BRDA:164,14,0,0
BRDA:164,14,1,0
BRF:30
BRH:1
end_of_record
TN:
SF:react-client/src/components/product-overview/Overview.jsx
FN:11,Overview
FNF:1
FNH:1
FNDA:1,Overview
DA:16,1
DA:17,1
DA:18,1
DA:19,1
DA:20,1
DA:22,1
DA:56,1
DA:61,1
LF:8
LH:8
BRDA:25,0,0,1
BRDA:25,0,1,0
BRF:2
BRH:1
end_of_record
TN:
SF:react-client/src/components/product-overview/ProductDescription.jsx
FN:10,ProductDescription
FN:13,(anonymous_1)
FN:15,(anonymous_2)
FN:18,(anonymous_3)
FN:23,(anonymous_4)
FN:29,(anonymous_5)
FN:37,(anonymous_6)
FN:52,(anonymous_7)
FNF:8
FNH:3
FNDA:1,ProductDescription
FNDA:0,(anonymous_1)
FNDA:0,(anonymous_2)
FNDA:0,(anonymous_3)
FNDA:1,(anonymous_4)
FNDA:0,(anonymous_5)
FNDA:0,(anonymous_6)
FNDA:2,(anonymous_7)
DA:11,1
DA:13,1
DA:14,0
DA:16,0
DA:19,0
DA:23,1
DA:24,1
DA:25,0
DA:29,1
DA:31,0
DA:32,0
DA:33,0
DA:34,0
DA:37,0
DA:38,0
DA:39,0
DA:40,0
DA:42,0
DA:52,1
DA:53,2
DA:54,0
DA:55,0
DA:56,0
DA:59,2
DA:62,1
DA:91,1
DA:95,1
LF:27
LH:11
BRDA:24,0,0,0
BRDA:24,0,1,1
BRDA:33,1,0,0
BRDA:33,1,1,0
BRDA:39,2,0,0
BRDA:39,2,1,0
BRDA:52,3,0,2
BRDA:53,4,0,0
BRDA:53,4,1,2
BRDA:55,5,0,0
BRDA:55,5,1,0
BRDA:64,6,0,1
BRDA:64,6,1,0
BRDA:77,7,0,0
BRDA:77,7,1,1
BRF:15
BRH:5
end_of_record
TN:
SF:react-client/src/components/product-overview/ProductInformation.jsx
FN:11,ProductInformation
FN:17,(anonymous_1)
FN:40,(anonymous_2)
FN:48,(anonymous_3)
FN:54,(anonymous_4)
FN:63,(anonymous_5)
FNF:6
FNH:1
FNDA:1,ProductInformation
FNDA:0,(anonymous_1)
FNDA:0,(anonymous_2)
FNDA:0,(anonymous_3)
FNDA:0,(anonymous_4)
FNDA:0,(anonymous_5)
DA:17,1
DA:18,0
DA:19,0
DA:32,0
DA:40,1
DA:41,0
DA:48,1
DA:49,0
DA:54,1
DA:56,1
DA:63,0
DA:80,1
DA:87,1
LF:13
LH:7
BRDA:18,0,0,0
BRDA:18,0,1,0
BRDA:54,1,0,0
BRDA:58,2,0,0
BRDA:58,2,1,1
BRF:5
BRH:1
end_of_record
TN:
SF:react-client/src/components/product-overview/StyleSelector.jsx
FN:13,StyleSelector
FN:25,(anonymous_1)
FN:45,(anonymous_2)
FN:47,(anonymous_3)
FN:55,(anonymous_4)
FN:60,(anonymous_5)
FN:66,(anonymous_6)
FN:74,(anonymous_7)
FN:94,(anonymous_8)
FN:105,(anonymous_9)
FNF:10
FNH:2
FNDA:1,StyleSelector
FNDA:0,(anonymous_1)
FNDA:0,(anonymous_2)
FNDA:0,(anonymous_3)
FNDA:0,(anonymous_4)
FNDA:1,(anonymous_5)
FNDA:0,(anonymous_6)
FNDA:0,(anonymous_7)
FNDA:0,(anonymous_8)
FNDA:0,(anonymous_9)
DA:23,1
DA:25,1
DA:26,0
DA:27,0
DA:28,0
DA:29,0
DA:30,0
DA:31,0
DA:32,0
DA:33,0
DA:34,0
DA:35,0
DA:36,0
DA:41,0
DA:45,1
DA:46,0
DA:48,0
DA:49,0
DA:52,0
DA:53,0
DA:56,0
DA:60,1
DA:61,1
DA:62,0
DA:66,1
DA:74,1
DA:75,0
DA:76,0
DA:77,0
DA:80,0
DA:83,1
DA:95,0
DA:106,0
DA:134,1
DA:144,1
LF:35
LH:10
BRDA:25,0,0,0
BRDA:30,1,0,0
BRDA:30,1,1,0
BRDA:32,2,0,0
BRDA:32,2,1,0
BRDA:34,3,0,0
BRDA:34,3,1,0
BRDA:61,4,0,0
BRDA:61,4,1,1
BRDA:74,5,0,0
BRDA:76,6,0,0
BRDA:76,6,1,0
BRDA:77,7,0,0
BRDA:77,7,1,0
BRDA:85,8,0,0
BRDA:85,8,1,1
BRDA:96,9,0,0
BRDA:96,9,1,0
BRDA:96,10,0,0
BRDA:96,10,1,0
BRF:20
BRH:2
end_of_record
TN:
SF:react-client/src/components/product-overview/ZoomedImage.jsx
FN:7,ZoomedImage
FN:14,(anonymous_1)
FN:18,(anonymous_2)
FN:28,(anonymous_3)
FN:30,(anonymous_4)
FNF:5
FNH:0
FNDA:0,ZoomedImage
FNDA:0,(anonymous_1)
FNDA:0,(anonymous_2)
FNDA:0,(anonymous_3)
FNDA:0,(anonymous_4)
DA:11,0
DA:12,0
DA:14,0
DA:15,0
DA:18,0
DA:19,0
DA:20,0
DA:21,0
DA:22,0
DA:25,0
DA:28,0
DA:30,0
DA:35,1
DA:40,1
LF:14
LH:2
BRF:0
BRH:0
end_of_record
TN:
SF:react-client/src/components/related items/RelatedItemCard.jsx
FN:21,RelatedItemCard
FN:27,(anonymous_1)
FN:35,(anonymous_2)
FN:39,(anonymous_3)
FN:47,(anonymous_4)
FN:65,(anonymous_5)
FN:67,(anonymous_6)
FN:82,(anonymous_7)
FN:94,(anonymous_8)
FN:104,(anonymous_9)
FN:115,(anonymous_10)
FNF:11
FNH:2
FNDA:2,RelatedItemCard
FNDA:1,(anonymous_1)
FNDA:0,(anonymous_2)
FNDA:0,(anonymous_3)
FNDA:0,(anonymous_4)
FNDA:0,(anonymous_5)
FNDA:0,(anonymous_6)
FNDA:0,(anonymous_7)
FNDA:0,(anonymous_8)
FNDA:0,(anonymous_9)
FNDA:0,(anonymous_10)
DA:9,1
DA:22,2
DA:23,2
DA:24,2
DA:25,2
DA:27,2
DA:28,1
DA:29,1
DA:30,0
DA:32,1
DA:35,2
DA:36,2
DA:37,2
DA:39,2
DA:40,0
DA:41,0
DA:42,0
DA:47,2
DA:48,0
DA:49,0
DA:50,0
DA:51,0
DA:52,0
DA:53,0
DA:56,0
DA:59,2
DA:60,2
DA:62,0
DA:66,0
DA:67,0
DA:82,0
DA:95,0
DA:105,0
DA:115,0
LF:34
LH:16
BRDA:41,0,0,0
BRDA:41,0,1,0
BRDA:52,1,0,0
BRDA:52,1,1,0
BRDA:59,2,0,2
BRDA:59,2,1,0
BRDA:59,3,0,2
BRDA:59,3,1,0
BRDA:72,4,0,0
BRDA:72,4,1,0
BRDA:97,5,0,0
BRDA:97,5,1,0
BRDA:103,6,0,0
BRDA:103,6,1,0
BRDA:107,7,0,0
BRDA:107,7,1,0
BRF:16
BRH:2
end_of_record
TN:
SF:react-client/src/components/related items/RelatedItemsTest.jsx
FN:4,(anonymous_0)
FN:7,(anonymous_1)
FN:11,(anonymous_2)
FN:13,(anonymous_3)
FN:14,(anonymous_4)
FNF:5
FNH:4
FNDA:4,(anonymous_0)
FNDA:2,(anonymous_1)
FNDA:2,(anonymous_2)
FNDA:2,(anonymous_3)
FNDA:0,(anonymous_4)
DA:4,1
DA:5,4
DA:7,3
DA:8,2
DA:11,3
DA:12,2
DA:13,2
DA:14,0
DA:17,3
LF:9
LH:8
BRDA:19,0,0,3
BRDA:19,0,1,0
BRDA:20,1,0,3
BRDA:20,1,1,0
BRF:4
BRH:2
end_of_record
TN:
SF:react-client/src/components/related items/relatedItemsElements.jsx
FN:7,RelatedItemsElements
FN:11,(anonymous_1)
FN:16,(anonymous_2)
FN:18,(anonymous_3)
FN:20,(anonymous_4)
FN:21,(anonymous_5)
FN:22,(anonymous_6)
FN:26,(anonymous_7)
FN:27,(anonymous_8)
FN:29,(anonymous_9)
FN:29,(anonymous_10)
FN:30,(anonymous_11)
FNF:12
FNH:4
FNDA:1,RelatedItemsElements
FNDA:1,(anonymous_1)
FNDA:1,(anonymous_2)
FNDA:0,(anonymous_3)
FNDA:0,(anonymous_4)
FNDA:0,(anonymous_5)
FNDA:0,(anonymous_6)
FNDA:1,(anonymous_7)
FNDA:0,(anonymous_8)
FNDA:0,(anonymous_9)
FNDA:0,(anonymous_10)
FNDA:0,(anonymous_11)
DA:8,1
DA:9,1
DA:11,1
DA:12,1
DA:13,1
DA:16,1
DA:17,1
DA:18,1
DA:19,0
DA:20,0
DA:21,0
DA:22,0
DA:26,1
DA:27,1
DA:28,0
DA:29,0
DA:30,0
DA:34,1
LF:18
LH:11
BRF:0
BRH:0
end_of_record
TN:
SF:react-client/src/components/related items/relatedItemsList.jsx
FN:6,RelatedItemsList
FN:11,(anonymous_1)
FN:16,(anonymous_2)
FN:18,(anonymous_3)
FN:19,(anonymous_4)
FN:22,(anonymous_5)
FN:24,(anonymous_6)
FN:24,(anonymous_7)
FN:25,(anonymous_8)
FNF:9
FNH:4
FNDA:1,RelatedItemsList
FNDA:1,(anonymous_1)
FNDA:1,(anonymous_2)
FNDA:0,(anonymous_3)
FNDA:0,(anonymous_4)
FNDA:1,(anonymous_5)
FNDA:0,(anonymous_6)
FNDA:0,(anonymous_7)
FNDA:0,(anonymous_8)
DA:7,1
DA:8,1
DA:9,1
DA:11,1
DA:12,1
DA:13,1
DA:16,1
DA:17,1
DA:18,0
DA:19,0
DA:22,1
DA:23,1
DA:24,0
DA:25,0
DA:28,1
LF:15
LH:11
BRDA:9,0,0,1
BRDA:9,0,1,1
BRF:2
BRH:2
end_of_record
TN:
SF:react-client/src/components/related items/yourOutfitList.jsx
FN:7,YourOutfitList
FN:12,(anonymous_1)
FN:15,(anonymous_2)
FN:16,(anonymous_3)
FN:19,(anonymous_4)
FN:30,(anonymous_5)
FN:35,(anonymous_6)
FN:37,(anonymous_7)
FN:38,(anonymous_8)
FN:42,(anonymous_9)
FN:44,(anonymous_10)
FN:45,(anonymous_11)
FN:48,(anonymous_12)
FN:75,(anonymous_13)
FNF:14
FNH:4
FNDA:1,YourOutfitList
FNDA:1,(anonymous_1)
FNDA:0,(anonymous_2)
FNDA:0,(anonymous_3)
FNDA:1,(anonymous_4)
FNDA:1,(anonymous_5)
FNDA:0,(anonymous_6)
FNDA:0,(anonymous_7)
FNDA:0,(anonymous_8)
FNDA:0,(anonymous_9)
FNDA:0,(anonymous_10)
FNDA:0,(anonymous_11)
FNDA:0,(anonymous_12)
FNDA:0,(anonymous_13)
DA:8,1
DA:9,1
DA:10,1
DA:12,1
DA:13,1
DA:14,1
DA:15,0
DA:16,0
DA:19,1
DA:20,1
DA:21,1
DA:22,1
DA:23,0
DA:25,1
DA:26,0
DA:30,1
DA:31,1
DA:32,1
DA:35,1
DA:36,0
DA:37,0
DA:38,0
DA:42,1
DA:43,0
DA:44,0
DA:45,0
DA:48,1
DA:49,0
DA:50,0
DA:51,0
DA:56,1
DA:57,1
DA:69,0
DA:76,0
LF:34
LH:19
BRDA:22,0,0,0
BRDA:22,0,1,1
BRDA:25,1,0,0
BRDA:25,1,1,1
BRDA:36,2,0,0
BRDA:36,2,1,0
BRDA:50,3,0,0
BRDA:50,3,1,0
BRDA:56,4,0,1
BRDA:56,4,1,0
BRDA:82,5,0,0
BRDA:82,5,1,0
BRF:12
BRH:3
end_of_record
TN:
SF:tests/msw/handlers.js
FN:95,(anonymous_0)
FN:101,(anonymous_1)
FN:109,(anonymous_2)
FN:117,(anonymous_3)
FNF:4
FNH:3
FNDA:3,(anonymous_0)
FNDA:0,(anonymous_1)
FNDA:1,(anonymous_2)
FNDA:3,(anonymous_3)
DA:4,4
DA:39,4
DA:58,4
DA:85,4
DA:93,4
DA:96,3
DA:102,0
DA:103,0
DA:104,0
DA:110,1
DA:111,1
DA:112,1
DA:118,3
DA:119,3
DA:120,3
LF:15
LH:12
BRF:0
BRH:0
end_of_record
